2024-03-29 16:16:51.564 [info] Log level: Info
2024-03-29 16:16:51.564 [info] Validating found git in: "git"
2024-03-29 16:16:51.564 [info] Using git "2.34.1" from "git"
2024-03-29 16:16:51.565 [info] > git rev-parse --show-toplevel [40ms]
2024-03-29 16:16:51.565 [info] fatal: not a git repository (or any of the parent directories): .git
2024-03-29 16:16:51.565 [info] > git rev-parse --show-toplevel [4ms]
2024-03-29 16:16:51.566 [info] fatal: not a git repository (or any of the parent directories): .git
2024-03-29 16:16:51.566 [info] > git rev-parse --show-toplevel [2ms]
2024-03-29 16:16:51.566 [info] fatal: not a git repository (or any of the parent directories): .git
2024-03-29 16:16:51.567 [info] > git rev-parse --show-toplevel [2ms]
2024-03-29 16:16:51.567 [info] fatal: not a git repository (or any of the parent directories): .git
2024-03-29 16:16:51.568 [info] > git rev-parse --show-toplevel [2ms]
2024-03-29 16:16:51.568 [info] fatal: not a git repository (or any of the parent directories): .git
2024-03-29 16:16:51.568 [info] > git rev-parse --show-toplevel [1ms]
2024-03-29 16:16:51.569 [info] fatal: not a git repository (or any of the parent directories): .git
2024-03-29 16:16:51.569 [info] > git rev-parse --show-toplevel [35ms]
2024-03-29 16:16:51.569 [info] fatal: not a git repository (or any of the parent directories): .git
2024-03-29 16:16:51.570 [info] > git rev-parse --show-toplevel [7ms]
2024-03-29 16:16:51.570 [info] fatal: not a git repository (or any of the parent directories): .git
2024-03-29 16:16:51.570 [info] > git rev-parse --show-toplevel [3ms]
2024-03-29 16:16:51.571 [info] fatal: not a git repository (or any of the parent directories): .git
2024-03-29 16:17:09.121 [info] > git rev-parse --show-toplevel [3ms]
2024-03-29 16:17:09.122 [info] fatal: not a git repository (or any of the parent directories): .git
2024-03-29 16:19:55.157 [info] > git rev-parse --show-toplevel [9ms]
2024-03-29 16:19:55.158 [info] fatal: not a git repository (or any of the parent directories): .git
2024-03-29 16:19:59.460 [info] > git rev-parse --show-toplevel [2ms]
2024-03-29 16:19:59.460 [info] fatal: not a git repository (or any of the parent directories): .git
2024-03-29 16:20:00.712 [info] > git rev-parse --show-toplevel [3ms]
2024-03-29 16:20:00.712 [info] fatal: not a git repository (or any of the parent directories): .git
2024-03-29 16:22:12.516 [info] > git rev-parse --show-toplevel [2ms]
2024-03-29 16:22:12.517 [info] fatal: not a git repository (or any of the parent directories): .git
2024-03-29 16:27:09.114 [info] > git rev-parse --show-toplevel [2ms]
2024-03-29 16:27:09.115 [info] fatal: not a git repository (or any of the parent directories): .git
2024-03-29 16:27:42.221 [info] > git rev-parse --show-toplevel [2ms]
2024-03-29 16:27:42.221 [info] fatal: not a git repository (or any of the parent directories): .git
2024-03-29 16:29:49.534 [info] > git rev-parse --show-toplevel [2ms]
2024-03-29 16:29:49.534 [info] fatal: not a git repository (or any of the parent directories): .git
2024-03-29 16:32:33.146 [info] > git rev-parse --show-toplevel [3ms]
2024-03-29 16:32:33.146 [info] fatal: not a git repository (or any of the parent directories): .git
2024-03-29 16:32:36.117 [info] > git rev-parse --show-toplevel [3ms]
2024-03-29 16:32:36.117 [info] fatal: not a git repository (or any of the parent directories): .git
2024-03-29 16:34:49.857 [info] > git rev-parse --show-toplevel [2ms]
2024-03-29 16:34:49.857 [info] fatal: not a git repository (or any of the parent directories): .git
2024-03-29 16:34:53.430 [info] > git rev-parse --show-toplevel [2ms]
2024-03-29 16:34:53.431 [info] fatal: not a git repository (or any of the parent directories): .git
2024-03-29 16:35:01.193 [info] > git rev-parse --show-toplevel [2ms]
2024-03-29 16:35:01.193 [info] fatal: not a git repository (or any of the parent directories): .git
2024-03-29 16:35:32.987 [info] > git rev-parse --show-toplevel [2ms]
2024-03-29 16:35:32.988 [info] fatal: not a git repository (or any of the parent directories): .git
2024-03-29 16:35:46.344 [info] > git rev-parse --show-toplevel [3ms]
2024-03-29 16:35:46.344 [info] fatal: not a git repository (or any of the parent directories): .git
2024-03-29 16:36:00.965 [info] > git rev-parse --show-toplevel [4ms]
2024-03-29 16:36:00.965 [info] fatal: not a git repository (or any of the parent directories): .git
2024-03-29 16:36:21.975 [info] > git rev-parse --show-toplevel [2ms]
2024-03-29 16:36:21.975 [info] fatal: not a git repository (or any of the parent directories): .git
2024-03-29 16:36:46.962 [info] > git rev-parse --show-toplevel [2ms]
2024-03-29 16:36:46.962 [info] fatal: not a git repository (or any of the parent directories): .git
2024-03-29 16:37:15.149 [info] > git rev-parse --show-toplevel [2ms]
2024-03-29 16:37:15.149 [info] fatal: not a git repository (or any of the parent directories): .git
2024-03-29 16:38:23.911 [info] > git rev-parse --show-toplevel [2ms]
2024-03-29 16:38:23.911 [info] fatal: not a git repository (or any of the parent directories): .git
2024-03-29 16:38:26.129 [info] > git rev-parse --show-toplevel [2ms]
2024-03-29 16:38:26.129 [info] fatal: not a git repository (or any of the parent directories): .git
2024-03-29 16:38:28.241 [info] > git rev-parse --show-toplevel [2ms]
2024-03-29 16:38:28.241 [info] fatal: not a git repository (or any of the parent directories): .git
2024-03-29 16:38:32.672 [info] > git rev-parse --show-toplevel [2ms]
2024-03-29 16:38:32.672 [info] fatal: not a git repository (or any of the parent directories): .git
2024-03-29 16:38:34.800 [info] > git rev-parse --show-toplevel [2ms]
2024-03-29 16:38:34.800 [info] fatal: not a git repository (or any of the parent directories): .git
2024-03-29 16:39:47.183 [info] > git rev-parse --show-toplevel [3ms]
2024-03-29 16:39:47.183 [info] fatal: not a git repository (or any of the parent directories): .git
2024-03-29 16:39:52.781 [info] > git rev-parse --show-toplevel [2ms]
2024-03-29 16:39:52.782 [info] fatal: not a git repository (or any of the parent directories): .git
2024-03-29 16:40:47.905 [info] > git rev-parse --show-toplevel [3ms]
2024-03-29 16:40:47.905 [info] fatal: not a git repository (or any of the parent directories): .git
2024-03-29 16:41:46.403 [info] > git rev-parse --show-toplevel [2ms]
2024-03-29 16:41:46.404 [info] fatal: not a git repository (or any of the parent directories): .git
2024-03-29 16:43:59.134 [info] > git rev-parse --show-toplevel [3ms]
2024-03-29 16:43:59.134 [info] fatal: not a git repository (or any of the parent directories): .git
2024-03-29 16:47:35.013 [info] > git rev-parse --show-toplevel [2ms]
2024-03-29 16:47:35.013 [info] fatal: not a git repository (or any of the parent directories): .git
2024-03-29 16:49:07.163 [info] > git rev-parse --show-toplevel [2ms]
2024-03-29 16:49:07.163 [info] fatal: not a git repository (or any of the parent directories): .git
2024-03-29 16:49:11.625 [info] > git rev-parse --show-toplevel [2ms]
2024-03-29 16:49:11.625 [info] fatal: not a git repository (or any of the parent directories): .git
2024-03-29 16:54:03.552 [info] > git rev-parse --show-toplevel [2ms]
2024-03-29 16:54:03.553 [info] fatal: not a git repository (or any of the parent directories): .git
2024-03-29 16:54:05.219 [info] > git rev-parse --show-toplevel [2ms]
2024-03-29 16:54:05.219 [info] fatal: not a git repository (or any of the parent directories): .git
2024-03-29 16:54:07.508 [info] > git rev-parse --show-toplevel [2ms]
2024-03-29 16:54:07.508 [info] fatal: not a git repository (or any of the parent directories): .git
2024-03-29 16:54:11.088 [info] > git rev-parse --show-toplevel [2ms]
2024-03-29 16:54:11.088 [info] fatal: not a git repository (or any of the parent directories): .git
2024-03-29 16:54:12.791 [info] > git rev-parse --show-toplevel [3ms]
2024-03-29 16:54:12.791 [info] fatal: not a git repository (or any of the parent directories): .git
2024-03-29 16:54:16.241 [info] > git rev-parse --show-toplevel [2ms]
2024-03-29 16:54:16.241 [info] fatal: not a git repository (or any of the parent directories): .git
2024-03-29 16:54:17.664 [info] > git rev-parse --show-toplevel [2ms]
2024-03-29 16:54:17.664 [info] fatal: not a git repository (or any of the parent directories): .git
2024-03-29 16:54:19.063 [info] > git rev-parse --show-toplevel [2ms]
2024-03-29 16:54:19.063 [info] fatal: not a git repository (or any of the parent directories): .git
2024-03-29 16:54:34.563 [info] > git rev-parse --show-toplevel [2ms]
2024-03-29 16:54:34.563 [info] fatal: not a git repository (or any of the parent directories): .git
2024-03-29 16:55:37.317 [info] > git rev-parse --show-toplevel [2ms]
2024-03-29 16:55:37.317 [info] fatal: not a git repository (or any of the parent directories): .git
2024-03-29 16:55:41.237 [info] > git rev-parse --show-toplevel [2ms]
2024-03-29 16:55:41.237 [info] fatal: not a git repository (or any of the parent directories): .git
2024-03-29 16:59:23.632 [info] > git rev-parse --show-toplevel [3ms]
2024-03-29 16:59:23.632 [info] fatal: not a git repository (or any of the parent directories): .git
2024-03-29 16:59:23.913 [info] > git rev-parse --show-toplevel [16ms]
2024-03-29 16:59:23.913 [info] fatal: not a git repository (or any of the parent directories): .git
2024-03-29 16:59:23.918 [info] > git rev-parse --show-toplevel [2ms]
2024-03-29 16:59:23.918 [info] fatal: not a git repository (or any of the parent directories): .git
2024-03-29 17:00:01.467 [info] > git rev-parse --show-toplevel [2ms]
2024-03-29 17:00:01.468 [info] fatal: not a git repository (or any of the parent directories): .git
2024-03-29 17:00:08.357 [info] > git rev-parse --show-toplevel [3ms]
2024-03-29 17:00:08.357 [info] fatal: not a git repository (or any of the parent directories): .git
2024-03-29 17:00:27.651 [info] > git rev-parse --show-toplevel [2ms]
2024-03-29 17:00:27.651 [info] fatal: not a git repository (or any of the parent directories): .git
2024-03-29 17:01:29.165 [info] > git rev-parse --show-toplevel [2ms]
2024-03-29 17:01:29.165 [info] fatal: not a git repository (or any of the parent directories): .git
2024-03-29 17:01:31.149 [info] > git rev-parse --show-toplevel [2ms]
2024-03-29 17:01:31.149 [info] fatal: not a git repository (or any of the parent directories): .git
2024-03-29 17:01:33.824 [info] > git rev-parse --show-toplevel [3ms]
2024-03-29 17:01:33.824 [info] fatal: not a git repository (or any of the parent directories): .git
2024-03-29 17:01:37.045 [info] > git rev-parse --show-toplevel [2ms]
2024-03-29 17:01:37.045 [info] fatal: not a git repository (or any of the parent directories): .git
2024-03-29 17:02:05.674 [info] > git rev-parse --show-toplevel [3ms]
2024-03-29 17:02:05.674 [info] fatal: not a git repository (or any of the parent directories): .git
2024-03-29 17:04:57.653 [info] > git rev-parse --show-toplevel [19ms]
2024-03-29 17:04:57.653 [info] fatal: not a git repository (or any of the parent directories): .git
2024-03-29 17:04:57.659 [info] > git rev-parse --show-toplevel [2ms]
2024-03-29 17:04:57.659 [info] fatal: not a git repository (or any of the parent directories): .git
2024-03-29 17:04:57.664 [info] > git rev-parse --show-toplevel [2ms]
2024-03-29 17:04:57.664 [info] fatal: not a git repository (or any of the parent directories): .git
2024-03-29 17:04:57.668 [info] > git rev-parse --show-toplevel [1ms]
2024-03-29 17:04:57.668 [info] fatal: not a git repository (or any of the parent directories): .git
2024-03-29 17:04:57.673 [info] > git rev-parse --show-toplevel [2ms]
2024-03-29 17:04:57.673 [info] fatal: not a git repository (or any of the parent directories): .git
2024-03-29 17:04:57.917 [info] > git rev-parse --show-toplevel [4ms]
2024-03-29 17:04:57.917 [info] fatal: not a git repository (or any of the parent directories): .git
2024-03-29 17:04:57.933 [info] > git rev-parse --show-toplevel [3ms]
2024-03-29 17:04:57.933 [info] fatal: not a git repository (or any of the parent directories): .git
2024-03-29 17:04:58.212 [info] > git rev-parse --show-toplevel [3ms]
2024-03-29 17:04:58.212 [info] fatal: not a git repository (or any of the parent directories): .git
2024-03-29 17:04:58.248 [info] > git rev-parse --show-toplevel [3ms]
2024-03-29 17:04:58.248 [info] fatal: not a git repository (or any of the parent directories): .git
2024-03-29 17:04:58.253 [info] > git rev-parse --show-toplevel [1ms]
2024-03-29 17:04:58.253 [info] fatal: not a git repository (or any of the parent directories): .git
2024-03-29 17:04:58.525 [info] > git rev-parse --show-toplevel [11ms]
2024-03-29 17:04:58.525 [info] fatal: not a git repository (or any of the parent directories): .git
2024-03-29 17:04:58.563 [info] > git rev-parse --show-toplevel [34ms]
2024-03-29 17:04:58.564 [info] fatal: not a git repository (or any of the parent directories): .git
2024-03-29 17:04:58.618 [info] > git rev-parse --show-toplevel [29ms]
2024-03-29 17:04:58.618 [info] fatal: not a git repository (or any of the parent directories): .git
2024-03-29 17:06:04.574 [info] > git rev-parse --show-toplevel [3ms]
2024-03-29 17:06:04.575 [info] fatal: not a git repository (or any of the parent directories): .git
2024-03-29 17:06:28.544 [info] > git rev-parse --show-toplevel [2ms]
2024-03-29 17:06:28.545 [info] fatal: not a git repository (or any of the parent directories): .git
2024-03-29 17:07:04.479 [info] > git rev-parse --show-toplevel [3ms]
2024-03-29 17:07:04.479 [info] fatal: not a git repository (or any of the parent directories): .git
2024-03-29 17:08:19.625 [info] > git rev-parse --show-toplevel [3ms]
2024-03-29 17:08:19.625 [info] fatal: not a git repository (or any of the parent directories): .git
2024-03-29 17:10:56.094 [info] > git rev-parse --show-toplevel [2ms]
2024-03-29 17:10:56.094 [info] fatal: not a git repository (or any of the parent directories): .git
2024-03-29 17:11:38.564 [info] > git rev-parse --show-toplevel [2ms]
2024-03-29 17:11:38.564 [info] fatal: not a git repository (or any of the parent directories): .git
2024-03-29 17:13:12.181 [info] > git rev-parse --show-toplevel [3ms]
2024-03-29 17:13:12.181 [info] fatal: not a git repository (or any of the parent directories): .git
2024-03-29 17:13:12.554 [info] > git rev-parse --show-toplevel [3ms]
2024-03-29 17:13:12.554 [info] fatal: not a git repository (or any of the parent directories): .git
2024-03-29 17:19:04.729 [info] > git rev-parse --show-toplevel [2ms]
2024-03-29 17:19:04.729 [info] fatal: not a git repository (or any of the parent directories): .git
2024-03-29 17:26:17.603 [info] > git rev-parse --show-toplevel [2ms]
2024-03-29 17:26:17.603 [info] fatal: not a git repository (or any of the parent directories): .git
2024-03-29 17:26:22.603 [info] > git rev-parse --show-toplevel [2ms]
2024-03-29 17:26:22.603 [info] fatal: not a git repository (or any of the parent directories): .git
2024-03-29 17:58:43.041 [info] > git rev-parse --show-toplevel [2ms]
2024-03-29 17:58:43.041 [info] fatal: not a git repository (or any of the parent directories): .git
2024-03-29 17:58:43.305 [info] > git rev-parse --show-toplevel [2ms]
2024-03-29 17:58:43.305 [info] fatal: not a git repository (or any of the parent directories): .git
2024-03-29 17:58:43.323 [info] > git rev-parse --show-toplevel [3ms]
2024-03-29 17:58:43.323 [info] fatal: not a git repository (or any of the parent directories): .git
2024-03-29 17:58:43.817 [info] > git rev-parse --show-toplevel [17ms]
2024-03-29 17:58:43.817 [info] fatal: not a git repository (or any of the parent directories): .git
2024-03-29 17:58:43.822 [info] > git rev-parse --show-toplevel [2ms]
2024-03-29 17:58:43.822 [info] fatal: not a git repository (or any of the parent directories): .git
2024-03-29 17:58:43.827 [info] > git rev-parse --show-toplevel [2ms]
2024-03-29 17:58:43.827 [info] fatal: not a git repository (or any of the parent directories): .git
2024-03-29 17:58:44.087 [info] > git rev-parse --show-toplevel [13ms]
2024-03-29 17:58:44.087 [info] fatal: not a git repository (or any of the parent directories): .git
2024-03-29 17:58:44.127 [info] > git rev-parse --show-toplevel [36ms]
2024-03-29 17:58:44.127 [info] fatal: not a git repository (or any of the parent directories): .git
2024-03-29 17:58:44.152 [info] > git rev-parse --show-toplevel [12ms]
2024-03-29 17:58:44.154 [info] fatal: not a git repository (or any of the parent directories): .git
2024-03-29 17:58:44.175 [info] > git rev-parse --show-toplevel [17ms]
2024-03-29 17:58:44.175 [info] fatal: not a git repository (or any of the parent directories): .git
2024-03-29 17:58:44.195 [info] > git rev-parse --show-toplevel [10ms]
2024-03-29 17:58:44.195 [info] fatal: not a git repository (or any of the parent directories): .git
2024-03-29 17:58:44.200 [info] > git rev-parse --show-toplevel [2ms]
2024-03-29 17:58:44.200 [info] fatal: not a git repository (or any of the parent directories): .git
2024-03-29 17:58:44.419 [info] > git rev-parse --show-toplevel [14ms]
2024-03-29 17:58:44.420 [info] fatal: not a git repository (or any of the parent directories): .git
2024-03-29 17:58:44.432 [info] > git rev-parse --show-toplevel [8ms]
2024-03-29 17:58:44.432 [info] fatal: not a git repository (or any of the parent directories): .git
2024-03-29 17:58:44.451 [info] > git rev-parse --show-toplevel [16ms]
2024-03-29 17:58:44.452 [info] fatal: not a git repository (or any of the parent directories): .git
2024-03-29 17:58:44.470 [info] > git rev-parse --show-toplevel [15ms]
2024-03-29 17:58:44.470 [info] fatal: not a git repository (or any of the parent directories): .git
2024-03-29 17:58:44.481 [info] > git rev-parse --show-toplevel [7ms]
2024-03-29 17:58:44.481 [info] fatal: not a git repository (or any of the parent directories): .git
2024-03-29 17:58:44.493 [info] > git rev-parse --show-toplevel [8ms]
2024-03-29 17:58:44.493 [info] fatal: not a git repository (or any of the parent directories): .git
2024-03-29 17:58:44.507 [info] > git rev-parse --show-toplevel [10ms]
2024-03-29 17:58:44.508 [info] fatal: not a git repository (or any of the parent directories): .git
2024-03-29 17:58:44.523 [info] > git rev-parse --show-toplevel [12ms]
2024-03-29 17:58:44.523 [info] fatal: not a git repository (or any of the parent directories): .git
2024-03-29 17:58:44.536 [info] > git rev-parse --show-toplevel [9ms]
2024-03-29 17:58:44.537 [info] fatal: not a git repository (or any of the parent directories): .git
2024-03-29 17:58:44.542 [info] > git rev-parse --show-toplevel [1ms]
2024-03-29 17:58:44.542 [info] fatal: not a git repository (or any of the parent directories): .git
2024-03-29 17:58:44.546 [info] > git rev-parse --show-toplevel [1ms]
2024-03-29 17:58:44.546 [info] fatal: not a git repository (or any of the parent directories): .git
2024-03-29 17:58:44.551 [info] > git rev-parse --show-toplevel [1ms]
2024-03-29 17:58:44.551 [info] fatal: not a git repository (or any of the parent directories): .git
2024-03-29 17:58:44.556 [info] > git rev-parse --show-toplevel [2ms]
2024-03-29 17:58:44.556 [info] fatal: not a git repository (or any of the parent directories): .git
2024-03-29 17:58:44.561 [info] > git rev-parse --show-toplevel [1ms]
2024-03-29 17:58:44.561 [info] fatal: not a git repository (or any of the parent directories): .git
2024-03-29 17:58:44.790 [info] > git rev-parse --show-toplevel [46ms]
2024-03-29 17:58:44.794 [info] fatal: not a git repository (or any of the parent directories): .git
2024-03-29 17:58:44.856 [info] > git rev-parse --show-toplevel [35ms]
2024-03-29 17:58:44.857 [info] fatal: not a git repository (or any of the parent directories): .git
2024-03-29 17:58:44.873 [info] > git rev-parse --show-toplevel [12ms]
2024-03-29 17:58:44.873 [info] fatal: not a git repository (or any of the parent directories): .git
2024-03-29 17:58:44.886 [info] > git rev-parse --show-toplevel [9ms]
2024-03-29 17:58:44.886 [info] fatal: not a git repository (or any of the parent directories): .git
2024-03-29 17:58:44.932 [info] > git rev-parse --show-toplevel [42ms]
2024-03-29 17:58:44.932 [info] fatal: not a git repository (or any of the parent directories): .git
2024-03-29 17:58:44.960 [info] > git rev-parse --show-toplevel [24ms]
2024-03-29 17:58:44.960 [info] fatal: not a git repository (or any of the parent directories): .git
2024-03-29 17:58:44.972 [info] > git rev-parse --show-toplevel [8ms]
2024-03-29 17:58:44.972 [info] fatal: not a git repository (or any of the parent directories): .git
2024-03-29 17:58:44.986 [info] > git rev-parse --show-toplevel [11ms]
2024-03-29 17:58:44.986 [info] fatal: not a git repository (or any of the parent directories): .git
2024-03-29 17:58:44.997 [info] > git rev-parse --show-toplevel [8ms]
2024-03-29 17:58:44.997 [info] fatal: not a git repository (or any of the parent directories): .git
2024-03-29 17:58:45.016 [info] > git rev-parse --show-toplevel [16ms]
2024-03-29 17:58:45.016 [info] fatal: not a git repository (or any of the parent directories): .git
2024-03-29 17:58:45.028 [info] > git rev-parse --show-toplevel [7ms]
2024-03-29 17:58:45.029 [info] fatal: not a git repository (or any of the parent directories): .git
2024-03-29 17:58:45.042 [info] > git rev-parse --show-toplevel [9ms]
2024-03-29 17:58:45.043 [info] fatal: not a git repository (or any of the parent directories): .git
2024-03-29 17:58:45.056 [info] > git rev-parse --show-toplevel [10ms]
2024-03-29 17:58:45.057 [info] fatal: not a git repository (or any of the parent directories): .git
2024-03-29 17:58:45.073 [info] > git rev-parse --show-toplevel [13ms]
2024-03-29 17:58:45.074 [info] fatal: not a git repository (or any of the parent directories): .git
2024-03-29 17:58:45.084 [info] > git rev-parse --show-toplevel [7ms]
2024-03-29 17:58:45.085 [info] fatal: not a git repository (or any of the parent directories): .git
2024-03-29 17:58:45.095 [info] > git rev-parse --show-toplevel [7ms]
2024-03-29 17:58:45.096 [info] fatal: not a git repository (or any of the parent directories): .git
2024-03-29 17:58:45.126 [info] > git rev-parse --show-toplevel [27ms]
2024-03-29 17:58:45.127 [info] fatal: not a git repository (or any of the parent directories): .git
2024-03-29 17:58:45.162 [info] > git rev-parse --show-toplevel [14ms]
2024-03-29 17:58:45.162 [info] fatal: not a git repository (or any of the parent directories): .git
2024-03-29 17:58:45.197 [info] > git rev-parse --show-toplevel [19ms]
2024-03-29 17:58:45.198 [info] fatal: not a git repository (or any of the parent directories): .git
2024-03-29 17:58:45.217 [info] > git rev-parse --show-toplevel [12ms]
2024-03-29 17:58:45.217 [info] fatal: not a git repository (or any of the parent directories): .git
2024-03-29 17:58:45.229 [info] > git rev-parse --show-toplevel [8ms]
2024-03-29 17:58:45.229 [info] fatal: not a git repository (or any of the parent directories): .git
2024-03-29 17:58:45.242 [info] > git rev-parse --show-toplevel [9ms]
2024-03-29 17:58:45.243 [info] fatal: not a git repository (or any of the parent directories): .git
2024-03-29 17:58:45.254 [info] > git rev-parse --show-toplevel [8ms]
2024-03-29 17:58:45.254 [info] fatal: not a git repository (or any of the parent directories): .git
2024-03-29 17:58:45.277 [info] > git rev-parse --show-toplevel [20ms]
2024-03-29 17:58:45.277 [info] fatal: not a git repository (or any of the parent directories): .git
2024-03-29 17:58:45.288 [info] > git rev-parse --show-toplevel [7ms]
2024-03-29 17:58:45.289 [info] fatal: not a git repository (or any of the parent directories): .git
2024-03-29 17:58:45.302 [info] > git rev-parse --show-toplevel [10ms]
2024-03-29 17:58:45.302 [info] fatal: not a git repository (or any of the parent directories): .git
2024-03-29 17:58:45.316 [info] > git rev-parse --show-toplevel [11ms]
2024-03-29 17:58:45.317 [info] fatal: not a git repository (or any of the parent directories): .git
2024-03-29 17:58:45.329 [info] > git rev-parse --show-toplevel [9ms]
2024-03-29 17:58:45.329 [info] fatal: not a git repository (or any of the parent directories): .git
2024-03-29 17:58:45.366 [info] > git rev-parse --show-toplevel [33ms]
2024-03-29 17:58:45.367 [info] fatal: not a git repository (or any of the parent directories): .git
2024-03-29 17:58:45.376 [info] > git rev-parse --show-toplevel [5ms]
2024-03-29 17:58:45.377 [info] fatal: not a git repository (or any of the parent directories): .git
2024-03-29 17:58:45.385 [info] > git rev-parse --show-toplevel [5ms]
2024-03-29 17:58:45.386 [info] fatal: not a git repository (or any of the parent directories): .git
2024-03-29 17:58:45.393 [info] > git rev-parse --show-toplevel [4ms]
2024-03-29 17:58:45.393 [info] fatal: not a git repository (or any of the parent directories): .git
2024-03-29 17:58:45.398 [info] > git rev-parse --show-toplevel [2ms]
2024-03-29 17:58:45.398 [info] fatal: not a git repository (or any of the parent directories): .git
2024-03-29 17:58:45.403 [info] > git rev-parse --show-toplevel [1ms]
2024-03-29 17:58:45.403 [info] fatal: not a git repository (or any of the parent directories): .git
2024-03-29 17:58:45.408 [info] > git rev-parse --show-toplevel [2ms]
2024-03-29 17:58:45.408 [info] fatal: not a git repository (or any of the parent directories): .git
2024-03-29 17:58:45.416 [info] > git rev-parse --show-toplevel [5ms]
2024-03-29 17:58:45.417 [info] fatal: not a git repository (or any of the parent directories): .git
2024-03-29 17:58:45.421 [info] > git rev-parse --show-toplevel [2ms]
2024-03-29 17:58:45.421 [info] fatal: not a git repository (or any of the parent directories): .git
2024-03-29 18:01:20.514 [info] > git rev-parse --show-toplevel [4ms]
2024-03-29 18:01:20.514 [info] fatal: not a git repository (or any of the parent directories): .git
2024-03-29 18:02:54.710 [info] > git rev-parse --show-toplevel [4ms]
2024-03-29 18:02:54.715 [info] fatal: not a git repository (or any of the parent directories): .git
2024-03-29 18:02:54.728 [info] > git rev-parse --show-toplevel [5ms]
2024-03-29 18:02:54.728 [info] fatal: not a git repository (or any of the parent directories): .git
