2024-03-29 14:03:17.235 [info] Log level: Info
2024-03-29 14:03:17.236 [info] Validating found git in: "git"
2024-03-29 14:03:17.236 [info] Using git "2.34.1" from "git"
2024-03-29 14:03:17.236 [info] > git rev-parse --show-toplevel [43ms]
2024-03-29 14:03:17.236 [info] fatal: not a git repository (or any of the parent directories): .git
2024-03-29 14:03:17.237 [info] > git rev-parse --show-toplevel [3ms]
2024-03-29 14:03:17.237 [info] fatal: not a git repository (or any of the parent directories): .git
2024-03-29 14:03:17.237 [info] > git rev-parse --show-toplevel [2ms]
2024-03-29 14:03:17.237 [info] fatal: not a git repository (or any of the parent directories): .git
2024-03-29 14:03:17.238 [info] > git rev-parse --show-toplevel [2ms]
2024-03-29 14:03:17.238 [info] fatal: not a git repository (or any of the parent directories): .git
2024-03-29 14:03:17.238 [info] > git rev-parse --show-toplevel [2ms]
2024-03-29 14:03:17.238 [info] fatal: not a git repository (or any of the parent directories): .git
2024-03-29 14:03:17.239 [info] > git rev-parse --show-toplevel [5ms]
2024-03-29 14:03:17.239 [info] fatal: not a git repository (or any of the parent directories): .git
2024-03-29 14:03:17.239 [info] > git rev-parse --show-toplevel [41ms]
2024-03-29 14:03:17.239 [info] fatal: not a git repository (or any of the parent directories): .git
2024-03-29 14:03:17.241 [info] > git rev-parse --show-toplevel [10ms]
2024-03-29 14:03:17.241 [info] fatal: not a git repository (or any of the parent directories): .git
2024-03-29 14:03:19.593 [info] > git rev-parse --show-toplevel [4ms]
2024-03-29 14:03:19.593 [info] fatal: not a git repository (or any of the parent directories): .git
2024-03-29 14:03:22.864 [info] > git rev-parse --show-toplevel [20ms]
2024-03-29 14:03:22.865 [info] fatal: not a git repository (or any of the parent directories): .git
2024-03-29 14:03:22.872 [info] > git rev-parse --show-toplevel [2ms]
2024-03-29 14:03:22.872 [info] fatal: not a git repository (or any of the parent directories): .git
2024-03-29 14:14:13.532 [info] > git rev-parse --show-toplevel [3ms]
2024-03-29 14:14:13.533 [info] fatal: not a git repository (or any of the parent directories): .git
2024-03-29 14:15:17.078 [info] > git rev-parse --show-toplevel [3ms]
2024-03-29 14:15:17.079 [info] fatal: not a git repository (or any of the parent directories): .git
2024-03-29 14:15:33.179 [info] > git rev-parse --show-toplevel [4ms]
2024-03-29 14:15:33.180 [info] fatal: not a git repository (or any of the parent directories): .git
2024-03-29 14:16:11.293 [info] > git rev-parse --show-toplevel [3ms]
2024-03-29 14:16:11.294 [info] fatal: not a git repository (or any of the parent directories): .git
2024-03-29 14:16:53.473 [info] > git rev-parse --show-toplevel [3ms]
2024-03-29 14:16:53.473 [info] fatal: not a git repository (or any of the parent directories): .git
2024-03-29 14:17:24.087 [info] > git rev-parse --show-toplevel [3ms]
2024-03-29 14:17:24.087 [info] fatal: not a git repository (or any of the parent directories): .git
2024-03-29 14:19:25.142 [info] > git rev-parse --show-toplevel [6ms]
2024-03-29 14:19:25.143 [info] fatal: not a git repository (or any of the parent directories): .git
2024-03-29 14:19:26.631 [info] > git rev-parse --show-toplevel [3ms]
2024-03-29 14:19:26.631 [info] fatal: not a git repository (or any of the parent directories): .git
2024-03-29 14:20:23.376 [info] > git rev-parse --show-toplevel [27ms]
2024-03-29 14:20:23.376 [info] fatal: not a git repository (or any of the parent directories): .git
2024-03-29 14:20:23.382 [info] > git rev-parse --show-toplevel [2ms]
2024-03-29 14:20:23.383 [info] fatal: not a git repository (or any of the parent directories): .git
2024-03-29 14:22:24.766 [info] > git rev-parse --show-toplevel [4ms]
2024-03-29 14:22:24.766 [info] fatal: not a git repository (or any of the parent directories): .git
2024-03-29 14:22:26.506 [info] > git rev-parse --show-toplevel [2ms]
2024-03-29 14:22:26.506 [info] fatal: not a git repository (or any of the parent directories): .git
2024-03-29 14:22:28.703 [info] > git rev-parse --show-toplevel [3ms]
2024-03-29 14:22:28.703 [info] fatal: not a git repository (or any of the parent directories): .git
2024-03-29 14:22:44.869 [info] > git rev-parse --show-toplevel [2ms]
2024-03-29 14:22:44.869 [info] fatal: not a git repository (or any of the parent directories): .git
2024-03-29 14:24:04.699 [info] > git rev-parse --show-toplevel [2ms]
2024-03-29 14:24:04.700 [info] fatal: not a git repository (or any of the parent directories): .git
2024-03-29 14:24:16.431 [info] > git rev-parse --show-toplevel [5ms]
2024-03-29 14:24:16.432 [info] fatal: not a git repository (or any of the parent directories): .git
2024-03-29 14:25:56.836 [info] > git rev-parse --show-toplevel [2ms]
2024-03-29 14:25:56.836 [info] fatal: not a git repository (or any of the parent directories): .git
2024-03-29 14:53:47.929 [info] > git rev-parse --show-toplevel [2ms]
2024-03-29 14:53:47.929 [info] fatal: not a git repository (or any of the parent directories): .git
2024-03-29 14:57:26.889 [info] > git rev-parse --show-toplevel [3ms]
2024-03-29 14:57:26.889 [info] fatal: not a git repository (or any of the parent directories): .git
2024-03-29 14:57:31.617 [info] > git rev-parse --show-toplevel [2ms]
2024-03-29 14:57:31.617 [info] fatal: not a git repository (or any of the parent directories): .git
2024-03-29 14:58:35.015 [info] > git rev-parse --show-toplevel [3ms]
2024-03-29 14:58:35.015 [info] fatal: not a git repository (or any of the parent directories): .git
2024-03-29 15:03:46.275 [info] > git rev-parse --show-toplevel [2ms]
2024-03-29 15:03:46.275 [info] fatal: not a git repository (or any of the parent directories): .git
2024-03-29 15:04:00.750 [info] > git rev-parse --show-toplevel [2ms]
2024-03-29 15:04:00.750 [info] fatal: not a git repository (or any of the parent directories): .git
2024-03-29 15:04:25.124 [info] > git rev-parse --show-toplevel [2ms]
2024-03-29 15:04:25.125 [info] fatal: not a git repository (or any of the parent directories): .git
2024-03-29 15:05:18.868 [info] > git rev-parse --show-toplevel [2ms]
2024-03-29 15:05:18.868 [info] fatal: not a git repository (or any of the parent directories): .git
2024-03-29 15:06:15.684 [info] > git rev-parse --show-toplevel [2ms]
2024-03-29 15:06:15.684 [info] fatal: not a git repository (or any of the parent directories): .git
2024-03-29 15:06:44.684 [info] > git rev-parse --show-toplevel [2ms]
2024-03-29 15:06:44.684 [info] fatal: not a git repository (or any of the parent directories): .git
2024-03-29 15:18:44.974 [info] > git rev-parse --show-toplevel [2ms]
2024-03-29 15:18:44.974 [info] fatal: not a git repository (or any of the parent directories): .git
2024-03-29 15:19:35.219 [info] > git rev-parse --show-toplevel [2ms]
2024-03-29 15:19:35.219 [info] fatal: not a git repository (or any of the parent directories): .git
2024-03-29 15:19:35.632 [info] > git rev-parse --show-toplevel [16ms]
2024-03-29 15:19:35.632 [info] fatal: not a git repository (or any of the parent directories): .git
2024-03-29 15:19:35.638 [info] > git rev-parse --show-toplevel [3ms]
2024-03-29 15:19:35.638 [info] fatal: not a git repository (or any of the parent directories): .git
2024-03-29 15:24:07.775 [info] > git rev-parse --show-toplevel [2ms]
2024-03-29 15:24:07.775 [info] fatal: not a git repository (or any of the parent directories): .git
2024-03-29 15:41:52.723 [info] > git rev-parse --show-toplevel [2ms]
2024-03-29 15:41:52.723 [info] fatal: not a git repository (or any of the parent directories): .git
2024-03-29 15:41:52.957 [info] > git rev-parse --show-toplevel [12ms]
2024-03-29 15:41:52.957 [info] fatal: not a git repository (or any of the parent directories): .git
2024-03-29 15:41:52.962 [info] > git rev-parse --show-toplevel [2ms]
2024-03-29 15:41:52.962 [info] fatal: not a git repository (or any of the parent directories): .git
2024-03-29 15:41:53.201 [info] > git rev-parse --show-toplevel [22ms]
2024-03-29 15:41:53.202 [info] fatal: not a git repository (or any of the parent directories): .git
2024-03-29 15:41:53.269 [info] > git rev-parse --show-toplevel [18ms]
2024-03-29 15:41:53.270 [info] fatal: not a git repository (or any of the parent directories): .git
2024-03-29 15:41:53.276 [info] > git rev-parse --show-toplevel [3ms]
2024-03-29 15:41:53.277 [info] fatal: not a git repository (or any of the parent directories): .git
2024-03-29 15:50:09.328 [info] > git rev-parse --show-toplevel [2ms]
2024-03-29 15:50:09.328 [info] fatal: not a git repository (or any of the parent directories): .git
2024-03-29 15:58:27.473 [info] > git rev-parse --show-toplevel [2ms]
2024-03-29 15:58:27.473 [info] fatal: not a git repository (or any of the parent directories): .git
2024-03-29 15:58:27.479 [info] > git rev-parse --show-toplevel [2ms]
2024-03-29 15:58:27.479 [info] fatal: not a git repository (or any of the parent directories): .git
2024-03-29 15:59:11.729 [info] > git rev-parse --show-toplevel [2ms]
2024-03-29 15:59:11.729 [info] fatal: not a git repository (or any of the parent directories): .git
2024-03-29 16:07:09.235 [info] > git rev-parse --show-toplevel [2ms]
2024-03-29 16:07:09.235 [info] fatal: not a git repository (or any of the parent directories): .git
2024-03-29 16:07:26.182 [info] > git rev-parse --show-toplevel [2ms]
2024-03-29 16:07:26.182 [info] fatal: not a git repository (or any of the parent directories): .git
2024-03-29 16:11:03.428 [info] > git rev-parse --show-toplevel [3ms]
2024-03-29 16:11:03.428 [info] fatal: not a git repository (or any of the parent directories): .git
2024-03-29 16:13:11.765 [info] > git rev-parse --show-toplevel [13ms]
2024-03-29 16:13:11.765 [info] fatal: not a git repository (or any of the parent directories): .git
2024-03-29 16:13:11.771 [info] > git rev-parse --show-toplevel [2ms]
2024-03-29 16:13:11.771 [info] fatal: not a git repository (or any of the parent directories): .git
2024-03-29 16:13:12.137 [info] > git rev-parse --show-toplevel [15ms]
2024-03-29 16:13:12.138 [info] fatal: not a git repository (or any of the parent directories): .git
2024-03-29 16:13:12.149 [info] > git rev-parse --show-toplevel [3ms]
2024-03-29 16:13:12.149 [info] fatal: not a git repository (or any of the parent directories): .git
2024-03-29 16:13:12.483 [info] > git rev-parse --show-toplevel [4ms]
2024-03-29 16:13:12.483 [info] fatal: not a git repository (or any of the parent directories): .git
2024-03-29 16:13:12.488 [info] > git rev-parse --show-toplevel [1ms]
2024-03-29 16:13:12.488 [info] fatal: not a git repository (or any of the parent directories): .git
