2024-03-30 09:15:36.694 [info] Log level: Info
2024-03-30 09:15:36.694 [info] Validating found git in: "git"
2024-03-30 09:15:36.695 [info] Using git "2.34.1" from "git"
2024-03-30 09:15:36.695 [info] > git rev-parse --show-toplevel [44ms]
2024-03-30 09:15:36.695 [info] fatal: not a git repository (or any of the parent directories): .git
2024-03-30 09:15:36.695 [info] > git rev-parse --show-toplevel [2ms]
2024-03-30 09:15:36.695 [info] fatal: not a git repository (or any of the parent directories): .git
2024-03-30 09:15:36.695 [info] > git rev-parse --show-toplevel [1ms]
2024-03-30 09:15:36.695 [info] fatal: not a git repository (or any of the parent directories): .git
2024-03-30 09:15:36.695 [info] > git rev-parse --show-toplevel [2ms]
2024-03-30 09:15:36.696 [info] fatal: not a git repository (or any of the parent directories): .git
2024-03-30 09:15:36.696 [info] > git rev-parse --show-toplevel [1ms]
2024-03-30 09:15:36.696 [info] fatal: not a git repository (or any of the parent directories): .git
2024-03-30 09:15:36.696 [info] > git rev-parse --show-toplevel [6ms]
2024-03-30 09:15:36.696 [info] fatal: not a git repository (or any of the parent directories): .git
2024-03-30 09:15:36.696 [info] > git rev-parse --show-toplevel [7ms]
2024-03-30 09:15:36.696 [info] fatal: not a git repository (or any of the parent directories): .git
2024-03-30 09:15:36.696 [info] > git rev-parse --show-toplevel [2ms]
2024-03-30 09:15:36.697 [info] fatal: not a git repository (or any of the parent directories): .git
2024-03-30 09:15:36.697 [info] > git rev-parse --show-toplevel [37ms]
2024-03-30 09:15:36.697 [info] fatal: not a git repository (or any of the parent directories): .git
2024-03-30 09:15:36.697 [info] > git rev-parse --show-toplevel [12ms]
2024-03-30 09:15:36.697 [info] fatal: not a git repository (or any of the parent directories): .git
2024-03-30 09:15:36.697 [info] > git rev-parse --show-toplevel [9ms]
2024-03-30 09:15:36.697 [info] fatal: not a git repository (or any of the parent directories): .git
2024-03-30 09:15:36.697 [info] > git rev-parse --show-toplevel [2ms]
2024-03-30 09:15:36.697 [info] fatal: not a git repository (or any of the parent directories): .git
2024-03-30 09:15:36.697 [info] > git rev-parse --show-toplevel [2ms]
2024-03-30 09:15:36.697 [info] fatal: not a git repository (or any of the parent directories): .git
2024-03-30 09:15:36.697 [info] > git rev-parse --show-toplevel [5ms]
2024-03-30 09:15:36.697 [info] fatal: not a git repository (or any of the parent directories): .git
2024-03-30 09:15:36.697 [info] > git rev-parse --show-toplevel [1ms]
2024-03-30 09:15:36.697 [info] fatal: not a git repository (or any of the parent directories): .git
2024-03-30 09:15:36.697 [info] > git rev-parse --show-toplevel [1ms]
2024-03-30 09:15:36.697 [info] fatal: not a git repository (or any of the parent directories): .git
