2024-03-29 18:31:59.629 [info] Extension host with pid 17350 started
2024-03-29 18:31:59.651 [info] Lock '/home/ubuntu/.vscode-server/data/User/workspaceStorage/2748aec4dd561b56b9c617073cba8c8a/vscode.lock': Lock acquired.
2024-03-29 18:32:00.042 [info] ExtensionService#_doActivateExtension vscode.emmet, startup: false, activationEvent: 'onLanguage'
2024-03-29 18:32:00.798 [info] ExtensionService#_doActivateExtension vscode.git-base, startup: true, activationEvent: '*', root cause: vscode.git
2024-03-29 18:32:01.106 [info] ExtensionService#_doActivateExtension vscode.git, startup: true, activationEvent: '*'
2024-03-29 18:32:01.107 [info] ExtensionService#_doActivateExtension vscode.github, startup: true, activationEvent: '*'
2024-03-29 18:32:01.591 [info] Eager extensions activated
2024-03-29 18:32:01.592 [info] ExtensionService#_doActivateExtension vscode.debug-auto-launch, startup: false, activationEvent: 'onStartupFinished'
2024-03-29 18:32:01.594 [info] ExtensionService#_doActivateExtension vscode.merge-conflict, startup: false, activationEvent: 'onStartupFinished'
2024-03-29 18:49:09.424 [info] Extension host terminating: renderer disconnected for too long (2)
2024-03-29 18:49:09.427 [info] Lock '/home/ubuntu/.vscode-server/data/User/workspaceStorage/2748aec4dd561b56b9c617073cba8c8a/vscode.lock': Marking the lockfile as scheduled to be released in 6000 ms.
2024-03-29 18:49:09.447 [error] Canceled: Canceled
	at Object.k [as canceled] (/home/ubuntu/.vscode-server/bin/252e5463d60e63238250799aef7375787f68b4ee/out/vs/workbench/api/node/extensionHostProcess.js:7:1192)
	at /home/ubuntu/.vscode-server/bin/252e5463d60e63238250799aef7375787f68b4ee/out/vs/workbench/api/node/extensionHostProcess.js:111:8281
	at Array.forEach (<anonymous>)
	at a.dispose (/home/ubuntu/.vscode-server/bin/252e5463d60e63238250799aef7375787f68b4ee/out/vs/workbench/api/node/extensionHostProcess.js:111:8246)
	at v.terminate (/home/ubuntu/.vscode-server/bin/252e5463d60e63238250799aef7375787f68b4ee/out/vs/workbench/api/node/extensionHostProcess.js:113:9392)
	at d.terminate (/home/ubuntu/.vscode-server/bin/252e5463d60e63238250799aef7375787f68b4ee/out/vs/workbench/api/node/extensionHostProcess.js:117:1544)
	at g (/home/ubuntu/.vscode-server/bin/252e5463d60e63238250799aef7375787f68b4ee/out/vs/workbench/api/node/extensionHostProcess.js:127:34439)
	at x.a (/home/ubuntu/.vscode-server/bin/252e5463d60e63238250799aef7375787f68b4ee/out/vs/workbench/api/node/extensionHostProcess.js:127:30994)
	at x.h (/home/ubuntu/.vscode-server/bin/252e5463d60e63238250799aef7375787f68b4ee/out/vs/workbench/api/node/extensionHostProcess.js:66:46626)
	at listOnTimeout (node:internal/timers:559:17)
	at processTimers (node:internal/timers:502:7) setContext undefined
2024-03-29 18:49:09.453 [error] Canceled: Canceled
	at Object.k [as canceled] (/home/ubuntu/.vscode-server/bin/252e5463d60e63238250799aef7375787f68b4ee/out/vs/workbench/api/node/extensionHostProcess.js:7:1192)
	at /home/ubuntu/.vscode-server/bin/252e5463d60e63238250799aef7375787f68b4ee/out/vs/workbench/api/node/extensionHostProcess.js:111:8281
	at Array.forEach (<anonymous>)
	at a.dispose (/home/ubuntu/.vscode-server/bin/252e5463d60e63238250799aef7375787f68b4ee/out/vs/workbench/api/node/extensionHostProcess.js:111:8246)
	at v.terminate (/home/ubuntu/.vscode-server/bin/252e5463d60e63238250799aef7375787f68b4ee/out/vs/workbench/api/node/extensionHostProcess.js:113:9392)
	at d.terminate (/home/ubuntu/.vscode-server/bin/252e5463d60e63238250799aef7375787f68b4ee/out/vs/workbench/api/node/extensionHostProcess.js:117:1544)
	at g (/home/ubuntu/.vscode-server/bin/252e5463d60e63238250799aef7375787f68b4ee/out/vs/workbench/api/node/extensionHostProcess.js:127:34439)
	at x.a (/home/ubuntu/.vscode-server/bin/252e5463d60e63238250799aef7375787f68b4ee/out/vs/workbench/api/node/extensionHostProcess.js:127:30994)
	at x.h (/home/ubuntu/.vscode-server/bin/252e5463d60e63238250799aef7375787f68b4ee/out/vs/workbench/api/node/extensionHostProcess.js:66:46626)
	at listOnTimeout (node:internal/timers:559:17)
	at processTimers (node:internal/timers:502:7) setContext undefined
2024-03-29 18:49:09.454 [error] Canceled: Canceled
	at Object.k [as canceled] (/home/ubuntu/.vscode-server/bin/252e5463d60e63238250799aef7375787f68b4ee/out/vs/workbench/api/node/extensionHostProcess.js:7:1192)
	at /home/ubuntu/.vscode-server/bin/252e5463d60e63238250799aef7375787f68b4ee/out/vs/workbench/api/node/extensionHostProcess.js:111:8281
	at Array.forEach (<anonymous>)
	at a.dispose (/home/ubuntu/.vscode-server/bin/252e5463d60e63238250799aef7375787f68b4ee/out/vs/workbench/api/node/extensionHostProcess.js:111:8246)
	at v.terminate (/home/ubuntu/.vscode-server/bin/252e5463d60e63238250799aef7375787f68b4ee/out/vs/workbench/api/node/extensionHostProcess.js:113:9392)
	at d.terminate (/home/ubuntu/.vscode-server/bin/252e5463d60e63238250799aef7375787f68b4ee/out/vs/workbench/api/node/extensionHostProcess.js:117:1544)
	at g (/home/ubuntu/.vscode-server/bin/252e5463d60e63238250799aef7375787f68b4ee/out/vs/workbench/api/node/extensionHostProcess.js:127:34439)
	at x.a (/home/ubuntu/.vscode-server/bin/252e5463d60e63238250799aef7375787f68b4ee/out/vs/workbench/api/node/extensionHostProcess.js:127:30994)
	at x.h (/home/ubuntu/.vscode-server/bin/252e5463d60e63238250799aef7375787f68b4ee/out/vs/workbench/api/node/extensionHostProcess.js:66:46626)
	at listOnTimeout (node:internal/timers:559:17)
	at processTimers (node:internal/timers:502:7) setContext undefined
2024-03-29 18:49:09.458 [error] Canceled: Canceled
	at Object.k [as canceled] (/home/ubuntu/.vscode-server/bin/252e5463d60e63238250799aef7375787f68b4ee/out/vs/workbench/api/node/extensionHostProcess.js:7:1192)
	at /home/ubuntu/.vscode-server/bin/252e5463d60e63238250799aef7375787f68b4ee/out/vs/workbench/api/node/extensionHostProcess.js:111:8281
	at Array.forEach (<anonymous>)
	at a.dispose (/home/ubuntu/.vscode-server/bin/252e5463d60e63238250799aef7375787f68b4ee/out/vs/workbench/api/node/extensionHostProcess.js:111:8246)
	at v.terminate (/home/ubuntu/.vscode-server/bin/252e5463d60e63238250799aef7375787f68b4ee/out/vs/workbench/api/node/extensionHostProcess.js:113:9392)
	at d.terminate (/home/ubuntu/.vscode-server/bin/252e5463d60e63238250799aef7375787f68b4ee/out/vs/workbench/api/node/extensionHostProcess.js:117:1544)
	at g (/home/ubuntu/.vscode-server/bin/252e5463d60e63238250799aef7375787f68b4ee/out/vs/workbench/api/node/extensionHostProcess.js:127:34439)
	at x.a (/home/ubuntu/.vscode-server/bin/252e5463d60e63238250799aef7375787f68b4ee/out/vs/workbench/api/node/extensionHostProcess.js:127:30994)
	at x.h (/home/ubuntu/.vscode-server/bin/252e5463d60e63238250799aef7375787f68b4ee/out/vs/workbench/api/node/extensionHostProcess.js:66:46626)
	at listOnTimeout (node:internal/timers:559:17)
	at processTimers (node:internal/timers:502:7) setContext undefined
2024-03-29 18:49:09.459 [error] Canceled: Canceled
	at Object.k [as canceled] (/home/ubuntu/.vscode-server/bin/252e5463d60e63238250799aef7375787f68b4ee/out/vs/workbench/api/node/extensionHostProcess.js:7:1192)
	at /home/ubuntu/.vscode-server/bin/252e5463d60e63238250799aef7375787f68b4ee/out/vs/workbench/api/node/extensionHostProcess.js:111:8281
	at Array.forEach (<anonymous>)
	at a.dispose (/home/ubuntu/.vscode-server/bin/252e5463d60e63238250799aef7375787f68b4ee/out/vs/workbench/api/node/extensionHostProcess.js:111:8246)
	at v.terminate (/home/ubuntu/.vscode-server/bin/252e5463d60e63238250799aef7375787f68b4ee/out/vs/workbench/api/node/extensionHostProcess.js:113:9392)
	at d.terminate (/home/ubuntu/.vscode-server/bin/252e5463d60e63238250799aef7375787f68b4ee/out/vs/workbench/api/node/extensionHostProcess.js:117:1544)
	at g (/home/ubuntu/.vscode-server/bin/252e5463d60e63238250799aef7375787f68b4ee/out/vs/workbench/api/node/extensionHostProcess.js:127:34439)
	at x.a (/home/ubuntu/.vscode-server/bin/252e5463d60e63238250799aef7375787f68b4ee/out/vs/workbench/api/node/extensionHostProcess.js:127:30994)
	at x.h (/home/ubuntu/.vscode-server/bin/252e5463d60e63238250799aef7375787f68b4ee/out/vs/workbench/api/node/extensionHostProcess.js:66:46626)
	at listOnTimeout (node:internal/timers:559:17)
	at processTimers (node:internal/timers:502:7) setContext undefined
2024-03-29 18:49:09.460 [error] Canceled: Canceled
	at Object.k [as canceled] (/home/ubuntu/.vscode-server/bin/252e5463d60e63238250799aef7375787f68b4ee/out/vs/workbench/api/node/extensionHostProcess.js:7:1192)
	at /home/ubuntu/.vscode-server/bin/252e5463d60e63238250799aef7375787f68b4ee/out/vs/workbench/api/node/extensionHostProcess.js:111:8281
	at Array.forEach (<anonymous>)
	at a.dispose (/home/ubuntu/.vscode-server/bin/252e5463d60e63238250799aef7375787f68b4ee/out/vs/workbench/api/node/extensionHostProcess.js:111:8246)
	at v.terminate (/home/ubuntu/.vscode-server/bin/252e5463d60e63238250799aef7375787f68b4ee/out/vs/workbench/api/node/extensionHostProcess.js:113:9392)
	at d.terminate (/home/ubuntu/.vscode-server/bin/252e5463d60e63238250799aef7375787f68b4ee/out/vs/workbench/api/node/extensionHostProcess.js:117:1544)
	at g (/home/ubuntu/.vscode-server/bin/252e5463d60e63238250799aef7375787f68b4ee/out/vs/workbench/api/node/extensionHostProcess.js:127:34439)
	at x.a (/home/ubuntu/.vscode-server/bin/252e5463d60e63238250799aef7375787f68b4ee/out/vs/workbench/api/node/extensionHostProcess.js:127:30994)
	at x.h (/home/ubuntu/.vscode-server/bin/252e5463d60e63238250799aef7375787f68b4ee/out/vs/workbench/api/node/extensionHostProcess.js:66:46626)
	at listOnTimeout (node:internal/timers:559:17)
	at processTimers (node:internal/timers:502:7) setContext undefined
2024-03-29 18:49:09.463 [error] Canceled: Canceled
	at Object.k [as canceled] (/home/ubuntu/.vscode-server/bin/252e5463d60e63238250799aef7375787f68b4ee/out/vs/workbench/api/node/extensionHostProcess.js:7:1192)
	at /home/ubuntu/.vscode-server/bin/252e5463d60e63238250799aef7375787f68b4ee/out/vs/workbench/api/node/extensionHostProcess.js:111:8281
	at Array.forEach (<anonymous>)
	at a.dispose (/home/ubuntu/.vscode-server/bin/252e5463d60e63238250799aef7375787f68b4ee/out/vs/workbench/api/node/extensionHostProcess.js:111:8246)
	at v.terminate (/home/ubuntu/.vscode-server/bin/252e5463d60e63238250799aef7375787f68b4ee/out/vs/workbench/api/node/extensionHostProcess.js:113:9392)
	at d.terminate (/home/ubuntu/.vscode-server/bin/252e5463d60e63238250799aef7375787f68b4ee/out/vs/workbench/api/node/extensionHostProcess.js:117:1544)
	at g (/home/ubuntu/.vscode-server/bin/252e5463d60e63238250799aef7375787f68b4ee/out/vs/workbench/api/node/extensionHostProcess.js:127:34439)
	at x.a (/home/ubuntu/.vscode-server/bin/252e5463d60e63238250799aef7375787f68b4ee/out/vs/workbench/api/node/extensionHostProcess.js:127:30994)
	at x.h (/home/ubuntu/.vscode-server/bin/252e5463d60e63238250799aef7375787f68b4ee/out/vs/workbench/api/node/extensionHostProcess.js:66:46626)
	at listOnTimeout (node:internal/timers:559:17)
	at processTimers (node:internal/timers:502:7) setContext undefined
2024-03-29 18:49:09.464 [error] Canceled: Canceled
	at Object.k [as canceled] (/home/ubuntu/.vscode-server/bin/252e5463d60e63238250799aef7375787f68b4ee/out/vs/workbench/api/node/extensionHostProcess.js:7:1192)
	at /home/ubuntu/.vscode-server/bin/252e5463d60e63238250799aef7375787f68b4ee/out/vs/workbench/api/node/extensionHostProcess.js:111:8281
	at Array.forEach (<anonymous>)
	at a.dispose (/home/ubuntu/.vscode-server/bin/252e5463d60e63238250799aef7375787f68b4ee/out/vs/workbench/api/node/extensionHostProcess.js:111:8246)
	at v.terminate (/home/ubuntu/.vscode-server/bin/252e5463d60e63238250799aef7375787f68b4ee/out/vs/workbench/api/node/extensionHostProcess.js:113:9392)
	at d.terminate (/home/ubuntu/.vscode-server/bin/252e5463d60e63238250799aef7375787f68b4ee/out/vs/workbench/api/node/extensionHostProcess.js:117:1544)
	at g (/home/ubuntu/.vscode-server/bin/252e5463d60e63238250799aef7375787f68b4ee/out/vs/workbench/api/node/extensionHostProcess.js:127:34439)
	at x.a (/home/ubuntu/.vscode-server/bin/252e5463d60e63238250799aef7375787f68b4ee/out/vs/workbench/api/node/extensionHostProcess.js:127:30994)
	at x.h (/home/ubuntu/.vscode-server/bin/252e5463d60e63238250799aef7375787f68b4ee/out/vs/workbench/api/node/extensionHostProcess.js:66:46626)
	at listOnTimeout (node:internal/timers:559:17)
	at processTimers (node:internal/timers:502:7) setContext undefined
2024-03-29 18:49:09.465 [error] Canceled: Canceled
	at Object.k [as canceled] (/home/ubuntu/.vscode-server/bin/252e5463d60e63238250799aef7375787f68b4ee/out/vs/workbench/api/node/extensionHostProcess.js:7:1192)
	at /home/ubuntu/.vscode-server/bin/252e5463d60e63238250799aef7375787f68b4ee/out/vs/workbench/api/node/extensionHostProcess.js:111:8281
	at Array.forEach (<anonymous>)
	at a.dispose (/home/ubuntu/.vscode-server/bin/252e5463d60e63238250799aef7375787f68b4ee/out/vs/workbench/api/node/extensionHostProcess.js:111:8246)
	at v.terminate (/home/ubuntu/.vscode-server/bin/252e5463d60e63238250799aef7375787f68b4ee/out/vs/workbench/api/node/extensionHostProcess.js:113:9392)
	at d.terminate (/home/ubuntu/.vscode-server/bin/252e5463d60e63238250799aef7375787f68b4ee/out/vs/workbench/api/node/extensionHostProcess.js:117:1544)
	at g (/home/ubuntu/.vscode-server/bin/252e5463d60e63238250799aef7375787f68b4ee/out/vs/workbench/api/node/extensionHostProcess.js:127:34439)
	at x.a (/home/ubuntu/.vscode-server/bin/252e5463d60e63238250799aef7375787f68b4ee/out/vs/workbench/api/node/extensionHostProcess.js:127:30994)
	at x.h (/home/ubuntu/.vscode-server/bin/252e5463d60e63238250799aef7375787f68b4ee/out/vs/workbench/api/node/extensionHostProcess.js:66:46626)
	at listOnTimeout (node:internal/timers:559:17)
	at processTimers (node:internal/timers:502:7) setContext undefined
2024-03-29 18:49:09.466 [error] Canceled: Canceled
	at Object.k [as canceled] (/home/ubuntu/.vscode-server/bin/252e5463d60e63238250799aef7375787f68b4ee/out/vs/workbench/api/node/extensionHostProcess.js:7:1192)
	at /home/ubuntu/.vscode-server/bin/252e5463d60e63238250799aef7375787f68b4ee/out/vs/workbench/api/node/extensionHostProcess.js:111:8281
	at Array.forEach (<anonymous>)
	at a.dispose (/home/ubuntu/.vscode-server/bin/252e5463d60e63238250799aef7375787f68b4ee/out/vs/workbench/api/node/extensionHostProcess.js:111:8246)
	at v.terminate (/home/ubuntu/.vscode-server/bin/252e5463d60e63238250799aef7375787f68b4ee/out/vs/workbench/api/node/extensionHostProcess.js:113:9392)
	at d.terminate (/home/ubuntu/.vscode-server/bin/252e5463d60e63238250799aef7375787f68b4ee/out/vs/workbench/api/node/extensionHostProcess.js:117:1544)
	at g (/home/ubuntu/.vscode-server/bin/252e5463d60e63238250799aef7375787f68b4ee/out/vs/workbench/api/node/extensionHostProcess.js:127:34439)
	at x.a (/home/ubuntu/.vscode-server/bin/252e5463d60e63238250799aef7375787f68b4ee/out/vs/workbench/api/node/extensionHostProcess.js:127:30994)
	at x.h (/home/ubuntu/.vscode-server/bin/252e5463d60e63238250799aef7375787f68b4ee/out/vs/workbench/api/node/extensionHostProcess.js:66:46626)
	at listOnTimeout (node:internal/timers:559:17)
	at processTimers (node:internal/timers:502:7) setContext undefined
2024-03-29 18:49:09.467 [error] Canceled: Canceled
	at Object.k [as canceled] (/home/ubuntu/.vscode-server/bin/252e5463d60e63238250799aef7375787f68b4ee/out/vs/workbench/api/node/extensionHostProcess.js:7:1192)
	at /home/ubuntu/.vscode-server/bin/252e5463d60e63238250799aef7375787f68b4ee/out/vs/workbench/api/node/extensionHostProcess.js:111:8281
	at Array.forEach (<anonymous>)
	at a.dispose (/home/ubuntu/.vscode-server/bin/252e5463d60e63238250799aef7375787f68b4ee/out/vs/workbench/api/node/extensionHostProcess.js:111:8246)
	at v.terminate (/home/ubuntu/.vscode-server/bin/252e5463d60e63238250799aef7375787f68b4ee/out/vs/workbench/api/node/extensionHostProcess.js:113:9392)
	at d.terminate (/home/ubuntu/.vscode-server/bin/252e5463d60e63238250799aef7375787f68b4ee/out/vs/workbench/api/node/extensionHostProcess.js:117:1544)
	at g (/home/ubuntu/.vscode-server/bin/252e5463d60e63238250799aef7375787f68b4ee/out/vs/workbench/api/node/extensionHostProcess.js:127:34439)
	at x.a (/home/ubuntu/.vscode-server/bin/252e5463d60e63238250799aef7375787f68b4ee/out/vs/workbench/api/node/extensionHostProcess.js:127:30994)
	at x.h (/home/ubuntu/.vscode-server/bin/252e5463d60e63238250799aef7375787f68b4ee/out/vs/workbench/api/node/extensionHostProcess.js:66:46626)
	at listOnTimeout (node:internal/timers:559:17)
	at processTimers (node:internal/timers:502:7) setContext undefined
2024-03-29 18:49:09.468 [error] Canceled: Canceled
	at Object.k [as canceled] (/home/ubuntu/.vscode-server/bin/252e5463d60e63238250799aef7375787f68b4ee/out/vs/workbench/api/node/extensionHostProcess.js:7:1192)
	at /home/ubuntu/.vscode-server/bin/252e5463d60e63238250799aef7375787f68b4ee/out/vs/workbench/api/node/extensionHostProcess.js:111:8281
	at Array.forEach (<anonymous>)
	at a.dispose (/home/ubuntu/.vscode-server/bin/252e5463d60e63238250799aef7375787f68b4ee/out/vs/workbench/api/node/extensionHostProcess.js:111:8246)
	at v.terminate (/home/ubuntu/.vscode-server/bin/252e5463d60e63238250799aef7375787f68b4ee/out/vs/workbench/api/node/extensionHostProcess.js:113:9392)
	at d.terminate (/home/ubuntu/.vscode-server/bin/252e5463d60e63238250799aef7375787f68b4ee/out/vs/workbench/api/node/extensionHostProcess.js:117:1544)
	at g (/home/ubuntu/.vscode-server/bin/252e5463d60e63238250799aef7375787f68b4ee/out/vs/workbench/api/node/extensionHostProcess.js:127:34439)
	at x.a (/home/ubuntu/.vscode-server/bin/252e5463d60e63238250799aef7375787f68b4ee/out/vs/workbench/api/node/extensionHostProcess.js:127:30994)
	at x.h (/home/ubuntu/.vscode-server/bin/252e5463d60e63238250799aef7375787f68b4ee/out/vs/workbench/api/node/extensionHostProcess.js:66:46626)
	at listOnTimeout (node:internal/timers:559:17)
	at processTimers (node:internal/timers:502:7) setContext undefined
2024-03-29 18:49:09.468 [error] Canceled: Canceled
	at Object.k [as canceled] (/home/ubuntu/.vscode-server/bin/252e5463d60e63238250799aef7375787f68b4ee/out/vs/workbench/api/node/extensionHostProcess.js:7:1192)
	at /home/ubuntu/.vscode-server/bin/252e5463d60e63238250799aef7375787f68b4ee/out/vs/workbench/api/node/extensionHostProcess.js:111:8281
	at Array.forEach (<anonymous>)
	at a.dispose (/home/ubuntu/.vscode-server/bin/252e5463d60e63238250799aef7375787f68b4ee/out/vs/workbench/api/node/extensionHostProcess.js:111:8246)
	at v.terminate (/home/ubuntu/.vscode-server/bin/252e5463d60e63238250799aef7375787f68b4ee/out/vs/workbench/api/node/extensionHostProcess.js:113:9392)
	at d.terminate (/home/ubuntu/.vscode-server/bin/252e5463d60e63238250799aef7375787f68b4ee/out/vs/workbench/api/node/extensionHostProcess.js:117:1544)
	at g (/home/ubuntu/.vscode-server/bin/252e5463d60e63238250799aef7375787f68b4ee/out/vs/workbench/api/node/extensionHostProcess.js:127:34439)
	at x.a (/home/ubuntu/.vscode-server/bin/252e5463d60e63238250799aef7375787f68b4ee/out/vs/workbench/api/node/extensionHostProcess.js:127:30994)
	at x.h (/home/ubuntu/.vscode-server/bin/252e5463d60e63238250799aef7375787f68b4ee/out/vs/workbench/api/node/extensionHostProcess.js:66:46626)
	at listOnTimeout (node:internal/timers:559:17)
	at processTimers (node:internal/timers:502:7) setContext undefined
2024-03-29 18:49:09.469 [error] Canceled: Canceled
	at Object.k [as canceled] (/home/ubuntu/.vscode-server/bin/252e5463d60e63238250799aef7375787f68b4ee/out/vs/workbench/api/node/extensionHostProcess.js:7:1192)
	at /home/ubuntu/.vscode-server/bin/252e5463d60e63238250799aef7375787f68b4ee/out/vs/workbench/api/node/extensionHostProcess.js:111:8281
	at Array.forEach (<anonymous>)
	at a.dispose (/home/ubuntu/.vscode-server/bin/252e5463d60e63238250799aef7375787f68b4ee/out/vs/workbench/api/node/extensionHostProcess.js:111:8246)
	at v.terminate (/home/ubuntu/.vscode-server/bin/252e5463d60e63238250799aef7375787f68b4ee/out/vs/workbench/api/node/extensionHostProcess.js:113:9392)
	at d.terminate (/home/ubuntu/.vscode-server/bin/252e5463d60e63238250799aef7375787f68b4ee/out/vs/workbench/api/node/extensionHostProcess.js:117:1544)
	at g (/home/ubuntu/.vscode-server/bin/252e5463d60e63238250799aef7375787f68b4ee/out/vs/workbench/api/node/extensionHostProcess.js:127:34439)
	at x.a (/home/ubuntu/.vscode-server/bin/252e5463d60e63238250799aef7375787f68b4ee/out/vs/workbench/api/node/extensionHostProcess.js:127:30994)
	at x.h (/home/ubuntu/.vscode-server/bin/252e5463d60e63238250799aef7375787f68b4ee/out/vs/workbench/api/node/extensionHostProcess.js:66:46626)
	at listOnTimeout (node:internal/timers:559:17)
	at processTimers (node:internal/timers:502:7) setContext undefined
2024-03-29 18:49:09.478 [error] Canceled: Canceled
	at Object.k [as canceled] (/home/ubuntu/.vscode-server/bin/252e5463d60e63238250799aef7375787f68b4ee/out/vs/workbench/api/node/extensionHostProcess.js:7:1192)
	at /home/ubuntu/.vscode-server/bin/252e5463d60e63238250799aef7375787f68b4ee/out/vs/workbench/api/node/extensionHostProcess.js:111:8281
	at Array.forEach (<anonymous>)
	at a.dispose (/home/ubuntu/.vscode-server/bin/252e5463d60e63238250799aef7375787f68b4ee/out/vs/workbench/api/node/extensionHostProcess.js:111:8246)
	at v.terminate (/home/ubuntu/.vscode-server/bin/252e5463d60e63238250799aef7375787f68b4ee/out/vs/workbench/api/node/extensionHostProcess.js:113:9392)
	at d.terminate (/home/ubuntu/.vscode-server/bin/252e5463d60e63238250799aef7375787f68b4ee/out/vs/workbench/api/node/extensionHostProcess.js:117:1544)
	at g (/home/ubuntu/.vscode-server/bin/252e5463d60e63238250799aef7375787f68b4ee/out/vs/workbench/api/node/extensionHostProcess.js:127:34439)
	at x.a (/home/ubuntu/.vscode-server/bin/252e5463d60e63238250799aef7375787f68b4ee/out/vs/workbench/api/node/extensionHostProcess.js:127:30994)
	at x.h (/home/ubuntu/.vscode-server/bin/252e5463d60e63238250799aef7375787f68b4ee/out/vs/workbench/api/node/extensionHostProcess.js:66:46626)
	at listOnTimeout (node:internal/timers:559:17)
	at processTimers (node:internal/timers:502:7) setContext undefined
2024-03-29 18:49:09.479 [error] Canceled: Canceled
	at Object.k [as canceled] (/home/ubuntu/.vscode-server/bin/252e5463d60e63238250799aef7375787f68b4ee/out/vs/workbench/api/node/extensionHostProcess.js:7:1192)
	at /home/ubuntu/.vscode-server/bin/252e5463d60e63238250799aef7375787f68b4ee/out/vs/workbench/api/node/extensionHostProcess.js:111:8281
	at Array.forEach (<anonymous>)
	at a.dispose (/home/ubuntu/.vscode-server/bin/252e5463d60e63238250799aef7375787f68b4ee/out/vs/workbench/api/node/extensionHostProcess.js:111:8246)
	at v.terminate (/home/ubuntu/.vscode-server/bin/252e5463d60e63238250799aef7375787f68b4ee/out/vs/workbench/api/node/extensionHostProcess.js:113:9392)
	at d.terminate (/home/ubuntu/.vscode-server/bin/252e5463d60e63238250799aef7375787f68b4ee/out/vs/workbench/api/node/extensionHostProcess.js:117:1544)
	at g (/home/ubuntu/.vscode-server/bin/252e5463d60e63238250799aef7375787f68b4ee/out/vs/workbench/api/node/extensionHostProcess.js:127:34439)
	at x.a (/home/ubuntu/.vscode-server/bin/252e5463d60e63238250799aef7375787f68b4ee/out/vs/workbench/api/node/extensionHostProcess.js:127:30994)
	at x.h (/home/ubuntu/.vscode-server/bin/252e5463d60e63238250799aef7375787f68b4ee/out/vs/workbench/api/node/extensionHostProcess.js:66:46626)
	at listOnTimeout (node:internal/timers:559:17)
	at processTimers (node:internal/timers:502:7) setContext undefined
2024-03-29 18:49:09.480 [error] Canceled: Canceled
	at Object.k [as canceled] (/home/ubuntu/.vscode-server/bin/252e5463d60e63238250799aef7375787f68b4ee/out/vs/workbench/api/node/extensionHostProcess.js:7:1192)
	at /home/ubuntu/.vscode-server/bin/252e5463d60e63238250799aef7375787f68b4ee/out/vs/workbench/api/node/extensionHostProcess.js:111:8281
	at Array.forEach (<anonymous>)
	at a.dispose (/home/ubuntu/.vscode-server/bin/252e5463d60e63238250799aef7375787f68b4ee/out/vs/workbench/api/node/extensionHostProcess.js:111:8246)
	at v.terminate (/home/ubuntu/.vscode-server/bin/252e5463d60e63238250799aef7375787f68b4ee/out/vs/workbench/api/node/extensionHostProcess.js:113:9392)
	at d.terminate (/home/ubuntu/.vscode-server/bin/252e5463d60e63238250799aef7375787f68b4ee/out/vs/workbench/api/node/extensionHostProcess.js:117:1544)
	at g (/home/ubuntu/.vscode-server/bin/252e5463d60e63238250799aef7375787f68b4ee/out/vs/workbench/api/node/extensionHostProcess.js:127:34439)
	at x.a (/home/ubuntu/.vscode-server/bin/252e5463d60e63238250799aef7375787f68b4ee/out/vs/workbench/api/node/extensionHostProcess.js:127:30994)
	at x.h (/home/ubuntu/.vscode-server/bin/252e5463d60e63238250799aef7375787f68b4ee/out/vs/workbench/api/node/extensionHostProcess.js:66:46626)
	at listOnTimeout (node:internal/timers:559:17)
	at processTimers (node:internal/timers:502:7) setContext undefined
2024-03-29 18:49:09.482 [error] Canceled: Canceled
	at Object.k [as canceled] (/home/ubuntu/.vscode-server/bin/252e5463d60e63238250799aef7375787f68b4ee/out/vs/workbench/api/node/extensionHostProcess.js:7:1192)
	at /home/ubuntu/.vscode-server/bin/252e5463d60e63238250799aef7375787f68b4ee/out/vs/workbench/api/node/extensionHostProcess.js:111:8281
	at Array.forEach (<anonymous>)
	at a.dispose (/home/ubuntu/.vscode-server/bin/252e5463d60e63238250799aef7375787f68b4ee/out/vs/workbench/api/node/extensionHostProcess.js:111:8246)
	at v.terminate (/home/ubuntu/.vscode-server/bin/252e5463d60e63238250799aef7375787f68b4ee/out/vs/workbench/api/node/extensionHostProcess.js:113:9392)
	at d.terminate (/home/ubuntu/.vscode-server/bin/252e5463d60e63238250799aef7375787f68b4ee/out/vs/workbench/api/node/extensionHostProcess.js:117:1544)
	at g (/home/ubuntu/.vscode-server/bin/252e5463d60e63238250799aef7375787f68b4ee/out/vs/workbench/api/node/extensionHostProcess.js:127:34439)
	at x.a (/home/ubuntu/.vscode-server/bin/252e5463d60e63238250799aef7375787f68b4ee/out/vs/workbench/api/node/extensionHostProcess.js:127:30994)
	at x.h (/home/ubuntu/.vscode-server/bin/252e5463d60e63238250799aef7375787f68b4ee/out/vs/workbench/api/node/extensionHostProcess.js:66:46626)
	at listOnTimeout (node:internal/timers:559:17)
	at processTimers (node:internal/timers:502:7) setContext undefined
2024-03-29 18:49:09.483 [error] Canceled: Canceled
	at Object.k [as canceled] (/home/ubuntu/.vscode-server/bin/252e5463d60e63238250799aef7375787f68b4ee/out/vs/workbench/api/node/extensionHostProcess.js:7:1192)
	at /home/ubuntu/.vscode-server/bin/252e5463d60e63238250799aef7375787f68b4ee/out/vs/workbench/api/node/extensionHostProcess.js:111:8281
	at Array.forEach (<anonymous>)
	at a.dispose (/home/ubuntu/.vscode-server/bin/252e5463d60e63238250799aef7375787f68b4ee/out/vs/workbench/api/node/extensionHostProcess.js:111:8246)
	at v.terminate (/home/ubuntu/.vscode-server/bin/252e5463d60e63238250799aef7375787f68b4ee/out/vs/workbench/api/node/extensionHostProcess.js:113:9392)
	at d.terminate (/home/ubuntu/.vscode-server/bin/252e5463d60e63238250799aef7375787f68b4ee/out/vs/workbench/api/node/extensionHostProcess.js:117:1544)
	at g (/home/ubuntu/.vscode-server/bin/252e5463d60e63238250799aef7375787f68b4ee/out/vs/workbench/api/node/extensionHostProcess.js:127:34439)
	at x.a (/home/ubuntu/.vscode-server/bin/252e5463d60e63238250799aef7375787f68b4ee/out/vs/workbench/api/node/extensionHostProcess.js:127:30994)
	at x.h (/home/ubuntu/.vscode-server/bin/252e5463d60e63238250799aef7375787f68b4ee/out/vs/workbench/api/node/extensionHostProcess.js:66:46626)
	at listOnTimeout (node:internal/timers:559:17)
	at processTimers (node:internal/timers:502:7) setContext undefined
2024-03-29 18:49:09.484 [error] Canceled: Canceled
	at Object.k [as canceled] (/home/ubuntu/.vscode-server/bin/252e5463d60e63238250799aef7375787f68b4ee/out/vs/workbench/api/node/extensionHostProcess.js:7:1192)
	at /home/ubuntu/.vscode-server/bin/252e5463d60e63238250799aef7375787f68b4ee/out/vs/workbench/api/node/extensionHostProcess.js:111:8281
	at Array.forEach (<anonymous>)
	at a.dispose (/home/ubuntu/.vscode-server/bin/252e5463d60e63238250799aef7375787f68b4ee/out/vs/workbench/api/node/extensionHostProcess.js:111:8246)
	at v.terminate (/home/ubuntu/.vscode-server/bin/252e5463d60e63238250799aef7375787f68b4ee/out/vs/workbench/api/node/extensionHostProcess.js:113:9392)
	at d.terminate (/home/ubuntu/.vscode-server/bin/252e5463d60e63238250799aef7375787f68b4ee/out/vs/workbench/api/node/extensionHostProcess.js:117:1544)
	at g (/home/ubuntu/.vscode-server/bin/252e5463d60e63238250799aef7375787f68b4ee/out/vs/workbench/api/node/extensionHostProcess.js:127:34439)
	at x.a (/home/ubuntu/.vscode-server/bin/252e5463d60e63238250799aef7375787f68b4ee/out/vs/workbench/api/node/extensionHostProcess.js:127:30994)
	at x.h (/home/ubuntu/.vscode-server/bin/252e5463d60e63238250799aef7375787f68b4ee/out/vs/workbench/api/node/extensionHostProcess.js:66:46626)
	at listOnTimeout (node:internal/timers:559:17)
	at processTimers (node:internal/timers:502:7) setContext undefined
2024-03-29 18:49:09.485 [error] Canceled: Canceled
	at Object.k [as canceled] (/home/ubuntu/.vscode-server/bin/252e5463d60e63238250799aef7375787f68b4ee/out/vs/workbench/api/node/extensionHostProcess.js:7:1192)
	at /home/ubuntu/.vscode-server/bin/252e5463d60e63238250799aef7375787f68b4ee/out/vs/workbench/api/node/extensionHostProcess.js:111:8281
	at Array.forEach (<anonymous>)
	at a.dispose (/home/ubuntu/.vscode-server/bin/252e5463d60e63238250799aef7375787f68b4ee/out/vs/workbench/api/node/extensionHostProcess.js:111:8246)
	at v.terminate (/home/ubuntu/.vscode-server/bin/252e5463d60e63238250799aef7375787f68b4ee/out/vs/workbench/api/node/extensionHostProcess.js:113:9392)
	at d.terminate (/home/ubuntu/.vscode-server/bin/252e5463d60e63238250799aef7375787f68b4ee/out/vs/workbench/api/node/extensionHostProcess.js:117:1544)
	at g (/home/ubuntu/.vscode-server/bin/252e5463d60e63238250799aef7375787f68b4ee/out/vs/workbench/api/node/extensionHostProcess.js:127:34439)
	at x.a (/home/ubuntu/.vscode-server/bin/252e5463d60e63238250799aef7375787f68b4ee/out/vs/workbench/api/node/extensionHostProcess.js:127:30994)
	at x.h (/home/ubuntu/.vscode-server/bin/252e5463d60e63238250799aef7375787f68b4ee/out/vs/workbench/api/node/extensionHostProcess.js:66:46626)
	at listOnTimeout (node:internal/timers:559:17)
	at processTimers (node:internal/timers:502:7) setContext undefined
2024-03-29 18:49:09.486 [error] Canceled: Canceled
	at Object.k [as canceled] (/home/ubuntu/.vscode-server/bin/252e5463d60e63238250799aef7375787f68b4ee/out/vs/workbench/api/node/extensionHostProcess.js:7:1192)
	at /home/ubuntu/.vscode-server/bin/252e5463d60e63238250799aef7375787f68b4ee/out/vs/workbench/api/node/extensionHostProcess.js:111:8281
	at Array.forEach (<anonymous>)
	at a.dispose (/home/ubuntu/.vscode-server/bin/252e5463d60e63238250799aef7375787f68b4ee/out/vs/workbench/api/node/extensionHostProcess.js:111:8246)
	at v.terminate (/home/ubuntu/.vscode-server/bin/252e5463d60e63238250799aef7375787f68b4ee/out/vs/workbench/api/node/extensionHostProcess.js:113:9392)
	at d.terminate (/home/ubuntu/.vscode-server/bin/252e5463d60e63238250799aef7375787f68b4ee/out/vs/workbench/api/node/extensionHostProcess.js:117:1544)
	at g (/home/ubuntu/.vscode-server/bin/252e5463d60e63238250799aef7375787f68b4ee/out/vs/workbench/api/node/extensionHostProcess.js:127:34439)
	at x.a (/home/ubuntu/.vscode-server/bin/252e5463d60e63238250799aef7375787f68b4ee/out/vs/workbench/api/node/extensionHostProcess.js:127:30994)
	at x.h (/home/ubuntu/.vscode-server/bin/252e5463d60e63238250799aef7375787f68b4ee/out/vs/workbench/api/node/extensionHostProcess.js:66:46626)
	at listOnTimeout (node:internal/timers:559:17)
	at processTimers (node:internal/timers:502:7) setContext undefined
2024-03-29 18:49:09.487 [error] Canceled: Canceled
	at Object.k [as canceled] (/home/ubuntu/.vscode-server/bin/252e5463d60e63238250799aef7375787f68b4ee/out/vs/workbench/api/node/extensionHostProcess.js:7:1192)
	at /home/ubuntu/.vscode-server/bin/252e5463d60e63238250799aef7375787f68b4ee/out/vs/workbench/api/node/extensionHostProcess.js:111:8281
	at Array.forEach (<anonymous>)
	at a.dispose (/home/ubuntu/.vscode-server/bin/252e5463d60e63238250799aef7375787f68b4ee/out/vs/workbench/api/node/extensionHostProcess.js:111:8246)
	at v.terminate (/home/ubuntu/.vscode-server/bin/252e5463d60e63238250799aef7375787f68b4ee/out/vs/workbench/api/node/extensionHostProcess.js:113:9392)
	at d.terminate (/home/ubuntu/.vscode-server/bin/252e5463d60e63238250799aef7375787f68b4ee/out/vs/workbench/api/node/extensionHostProcess.js:117:1544)
	at g (/home/ubuntu/.vscode-server/bin/252e5463d60e63238250799aef7375787f68b4ee/out/vs/workbench/api/node/extensionHostProcess.js:127:34439)
	at x.a (/home/ubuntu/.vscode-server/bin/252e5463d60e63238250799aef7375787f68b4ee/out/vs/workbench/api/node/extensionHostProcess.js:127:30994)
	at x.h (/home/ubuntu/.vscode-server/bin/252e5463d60e63238250799aef7375787f68b4ee/out/vs/workbench/api/node/extensionHostProcess.js:66:46626)
	at listOnTimeout (node:internal/timers:559:17)
	at processTimers (node:internal/timers:502:7) setContext undefined
2024-03-29 18:49:09.493 [error] Canceled: Canceled
	at Object.k [as canceled] (/home/ubuntu/.vscode-server/bin/252e5463d60e63238250799aef7375787f68b4ee/out/vs/workbench/api/node/extensionHostProcess.js:7:1192)
	at /home/ubuntu/.vscode-server/bin/252e5463d60e63238250799aef7375787f68b4ee/out/vs/workbench/api/node/extensionHostProcess.js:111:8281
	at Array.forEach (<anonymous>)
	at a.dispose (/home/ubuntu/.vscode-server/bin/252e5463d60e63238250799aef7375787f68b4ee/out/vs/workbench/api/node/extensionHostProcess.js:111:8246)
	at v.terminate (/home/ubuntu/.vscode-server/bin/252e5463d60e63238250799aef7375787f68b4ee/out/vs/workbench/api/node/extensionHostProcess.js:113:9392)
	at d.terminate (/home/ubuntu/.vscode-server/bin/252e5463d60e63238250799aef7375787f68b4ee/out/vs/workbench/api/node/extensionHostProcess.js:117:1544)
	at g (/home/ubuntu/.vscode-server/bin/252e5463d60e63238250799aef7375787f68b4ee/out/vs/workbench/api/node/extensionHostProcess.js:127:34439)
	at x.a (/home/ubuntu/.vscode-server/bin/252e5463d60e63238250799aef7375787f68b4ee/out/vs/workbench/api/node/extensionHostProcess.js:127:30994)
	at x.h (/home/ubuntu/.vscode-server/bin/252e5463d60e63238250799aef7375787f68b4ee/out/vs/workbench/api/node/extensionHostProcess.js:66:46626)
	at listOnTimeout (node:internal/timers:559:17)
	at processTimers (node:internal/timers:502:7) setContext undefined
2024-03-29 18:49:09.494 [error] Canceled: Canceled
	at Object.k [as canceled] (/home/ubuntu/.vscode-server/bin/252e5463d60e63238250799aef7375787f68b4ee/out/vs/workbench/api/node/extensionHostProcess.js:7:1192)
	at /home/ubuntu/.vscode-server/bin/252e5463d60e63238250799aef7375787f68b4ee/out/vs/workbench/api/node/extensionHostProcess.js:111:8281
	at Array.forEach (<anonymous>)
	at a.dispose (/home/ubuntu/.vscode-server/bin/252e5463d60e63238250799aef7375787f68b4ee/out/vs/workbench/api/node/extensionHostProcess.js:111:8246)
	at v.terminate (/home/ubuntu/.vscode-server/bin/252e5463d60e63238250799aef7375787f68b4ee/out/vs/workbench/api/node/extensionHostProcess.js:113:9392)
	at d.terminate (/home/ubuntu/.vscode-server/bin/252e5463d60e63238250799aef7375787f68b4ee/out/vs/workbench/api/node/extensionHostProcess.js:117:1544)
	at g (/home/ubuntu/.vscode-server/bin/252e5463d60e63238250799aef7375787f68b4ee/out/vs/workbench/api/node/extensionHostProcess.js:127:34439)
	at x.a (/home/ubuntu/.vscode-server/bin/252e5463d60e63238250799aef7375787f68b4ee/out/vs/workbench/api/node/extensionHostProcess.js:127:30994)
	at x.h (/home/ubuntu/.vscode-server/bin/252e5463d60e63238250799aef7375787f68b4ee/out/vs/workbench/api/node/extensionHostProcess.js:66:46626)
	at listOnTimeout (node:internal/timers:559:17)
	at processTimers (node:internal/timers:502:7) setContext undefined
2024-03-29 18:49:09.497 [info] Extension host with pid 17350 exiting with code 0
