2024-03-31 08:24:17.115 [info] Log level: Info
2024-03-31 08:24:17.115 [info] Validating found git in: "git"
2024-03-31 08:24:17.116 [info] Using git "2.34.1" from "git"
2024-03-31 08:24:17.116 [info] > git rev-parse --show-toplevel [43ms]
2024-03-31 08:24:17.116 [info] fatal: not a git repository (or any of the parent directories): .git
2024-03-31 08:24:17.116 [info] > git rev-parse --show-toplevel [3ms]
2024-03-31 08:24:17.116 [info] fatal: not a git repository (or any of the parent directories): .git
2024-03-31 08:24:17.116 [info] > git rev-parse --show-toplevel [2ms]
2024-03-31 08:24:17.116 [info] fatal: not a git repository (or any of the parent directories): .git
2024-03-31 08:24:17.116 [info] > git rev-parse --show-toplevel [2ms]
2024-03-31 08:24:17.116 [info] fatal: not a git repository (or any of the parent directories): .git
2024-03-31 08:24:17.117 [info] > git rev-parse --show-toplevel [5ms]
2024-03-31 08:24:17.117 [info] fatal: not a git repository (or any of the parent directories): .git
2024-03-31 08:24:17.117 [info] > git rev-parse --show-toplevel [2ms]
2024-03-31 08:24:17.117 [info] fatal: not a git repository (or any of the parent directories): .git
2024-03-31 08:24:17.117 [info] > git rev-parse --show-toplevel [2ms]
2024-03-31 08:24:17.117 [info] fatal: not a git repository (or any of the parent directories): .git
2024-03-31 08:24:17.117 [info] > git rev-parse --show-toplevel [3ms]
2024-03-31 08:24:17.117 [info] fatal: not a git repository (or any of the parent directories): .git
2024-03-31 08:25:21.832 [info] > git rev-parse --show-toplevel [3ms]
2024-03-31 08:25:21.832 [info] fatal: not a git repository (or any of the parent directories): .git
2024-03-31 08:25:22.102 [info] > git rev-parse --show-toplevel [3ms]
2024-03-31 08:25:22.102 [info] fatal: not a git repository (or any of the parent directories): .git
2024-03-31 08:44:02.213 [info] > git rev-parse --show-toplevel [10ms]
2024-03-31 08:44:02.224 [info] fatal: not a git repository (or any of the parent directories): .git
2024-03-31 08:44:02.420 [info] > git rev-parse --show-toplevel [11ms]
2024-03-31 08:44:02.420 [info] fatal: not a git repository (or any of the parent directories): .git
2024-03-31 08:44:02.425 [info] > git rev-parse --show-toplevel [2ms]
2024-03-31 08:44:02.425 [info] fatal: not a git repository (or any of the parent directories): .git
2024-03-31 08:44:02.648 [info] > git rev-parse --show-toplevel [19ms]
2024-03-31 08:44:02.648 [info] fatal: not a git repository (or any of the parent directories): .git
2024-03-31 08:44:02.660 [info] > git rev-parse --show-toplevel [8ms]
2024-03-31 08:44:02.661 [info] fatal: not a git repository (or any of the parent directories): .git
2024-03-31 08:44:02.691 [info] > git rev-parse --show-toplevel [27ms]
2024-03-31 08:44:02.691 [info] fatal: not a git repository (or any of the parent directories): .git
2024-03-31 08:44:02.734 [info] > git rev-parse --show-toplevel [22ms]
2024-03-31 08:44:02.735 [info] fatal: not a git repository (or any of the parent directories): .git
2024-03-31 08:44:02.741 [info] > git rev-parse --show-toplevel [2ms]
2024-03-31 08:44:02.741 [info] fatal: not a git repository (or any of the parent directories): .git
2024-03-31 08:44:02.892 [info] > git rev-parse --show-toplevel [27ms]
2024-03-31 08:44:02.892 [info] fatal: not a git repository (or any of the parent directories): .git
2024-03-31 08:44:02.902 [info] > git rev-parse --show-toplevel [6ms]
2024-03-31 08:44:02.903 [info] fatal: not a git repository (or any of the parent directories): .git
2024-03-31 10:54:20.934 [info] > git rev-parse --show-toplevel [5ms]
2024-03-31 10:54:20.935 [info] fatal: not a git repository (or any of the parent directories): .git
2024-03-31 17:02:16.707 [info] > git rev-parse --show-toplevel [4ms]
2024-03-31 17:02:16.708 [info] fatal: not a git repository (or any of the parent directories): .git
