2024-03-29 16:16:36.535 [info] Extension host with pid 11873 started
2024-03-29 16:16:36.560 [info] Lock '/home/ubuntu/.vscode-server/data/User/workspaceStorage/2748aec4dd561b56b9c617073cba8c8a/vscode.lock': Lock acquired.
2024-03-29 16:16:37.412 [info] ExtensionService#_doActivateExtension vscode.emmet, startup: false, activationEvent: 'onLanguage'
2024-03-29 16:16:38.415 [info] ExtensionService#_doActivateExtension vscode.git-base, startup: true, activationEvent: '*', root cause: vscode.git
2024-03-29 16:16:42.671 [info] ExtensionService#_doActivateExtension vscode.git, startup: true, activationEvent: '*'
2024-03-29 16:16:42.672 [info] ExtensionService#_doActivateExtension vscode.github, startup: true, activationEvent: '*'
2024-03-29 16:16:44.160 [info] Eager extensions activated
2024-03-29 16:16:44.162 [info] ExtensionService#_doActivateExtension vscode.debug-auto-launch, startup: false, activationEvent: 'onStartupFinished'
2024-03-29 16:16:44.162 [info] ExtensionService#_doActivateExtension vscode.merge-conflict, startup: false, activationEvent: 'onStartupFinished'
2024-03-29 16:17:32.440 [info] ExtensionService#_doActivateExtension vscode.npm, startup: false, activationEvent: 'onTerminalQuickFixRequest:ms-vscode.npm-command'
2024-03-29 18:09:11.471 [info] Extension host terminating: renderer disconnected for too long (2)
2024-03-29 18:09:11.471 [info] Lock '/home/ubuntu/.vscode-server/data/User/workspaceStorage/2748aec4dd561b56b9c617073cba8c8a/vscode.lock': Marking the lockfile as scheduled to be released in 6000 ms.
2024-03-29 18:09:11.486 [error] Canceled: Canceled
	at Object.k [as canceled] (/home/ubuntu/.vscode-server/bin/252e5463d60e63238250799aef7375787f68b4ee/out/vs/workbench/api/node/extensionHostProcess.js:7:1192)
	at /home/ubuntu/.vscode-server/bin/252e5463d60e63238250799aef7375787f68b4ee/out/vs/workbench/api/node/extensionHostProcess.js:111:8281
	at Array.forEach (<anonymous>)
	at a.dispose (/home/ubuntu/.vscode-server/bin/252e5463d60e63238250799aef7375787f68b4ee/out/vs/workbench/api/node/extensionHostProcess.js:111:8246)
	at v.terminate (/home/ubuntu/.vscode-server/bin/252e5463d60e63238250799aef7375787f68b4ee/out/vs/workbench/api/node/extensionHostProcess.js:113:9392)
	at d.terminate (/home/ubuntu/.vscode-server/bin/252e5463d60e63238250799aef7375787f68b4ee/out/vs/workbench/api/node/extensionHostProcess.js:117:1544)
	at g (/home/ubuntu/.vscode-server/bin/252e5463d60e63238250799aef7375787f68b4ee/out/vs/workbench/api/node/extensionHostProcess.js:127:34439)
	at x.a (/home/ubuntu/.vscode-server/bin/252e5463d60e63238250799aef7375787f68b4ee/out/vs/workbench/api/node/extensionHostProcess.js:127:30994)
	at x.h (/home/ubuntu/.vscode-server/bin/252e5463d60e63238250799aef7375787f68b4ee/out/vs/workbench/api/node/extensionHostProcess.js:66:46626)
	at listOnTimeout (node:internal/timers:559:17)
	at processTimers (node:internal/timers:502:7) setContext undefined
2024-03-29 18:09:11.486 [error] Canceled: Canceled
	at Object.k [as canceled] (/home/ubuntu/.vscode-server/bin/252e5463d60e63238250799aef7375787f68b4ee/out/vs/workbench/api/node/extensionHostProcess.js:7:1192)
	at /home/ubuntu/.vscode-server/bin/252e5463d60e63238250799aef7375787f68b4ee/out/vs/workbench/api/node/extensionHostProcess.js:111:8281
	at Array.forEach (<anonymous>)
	at a.dispose (/home/ubuntu/.vscode-server/bin/252e5463d60e63238250799aef7375787f68b4ee/out/vs/workbench/api/node/extensionHostProcess.js:111:8246)
	at v.terminate (/home/ubuntu/.vscode-server/bin/252e5463d60e63238250799aef7375787f68b4ee/out/vs/workbench/api/node/extensionHostProcess.js:113:9392)
	at d.terminate (/home/ubuntu/.vscode-server/bin/252e5463d60e63238250799aef7375787f68b4ee/out/vs/workbench/api/node/extensionHostProcess.js:117:1544)
	at g (/home/ubuntu/.vscode-server/bin/252e5463d60e63238250799aef7375787f68b4ee/out/vs/workbench/api/node/extensionHostProcess.js:127:34439)
	at x.a (/home/ubuntu/.vscode-server/bin/252e5463d60e63238250799aef7375787f68b4ee/out/vs/workbench/api/node/extensionHostProcess.js:127:30994)
	at x.h (/home/ubuntu/.vscode-server/bin/252e5463d60e63238250799aef7375787f68b4ee/out/vs/workbench/api/node/extensionHostProcess.js:66:46626)
	at listOnTimeout (node:internal/timers:559:17)
	at processTimers (node:internal/timers:502:7) setContext undefined
2024-03-29 18:09:11.487 [info] Extension host with pid 11873 exiting with code 0
