2024-03-29 18:44:18.077 [info] Log level: Info
2024-03-29 18:44:18.077 [info] Validating found git in: "git"
2024-03-29 18:44:18.078 [info] Using git "2.34.1" from "git"
2024-03-29 18:44:18.079 [info] > git rev-parse --show-toplevel [52ms]
2024-03-29 18:44:18.079 [info] fatal: not a git repository (or any of the parent directories): .git
2024-03-29 18:44:18.080 [info] > git rev-parse --show-toplevel [3ms]
2024-03-29 18:44:18.081 [info] fatal: not a git repository (or any of the parent directories): .git
2024-03-29 18:44:18.082 [info] > git rev-parse --show-toplevel [3ms]
2024-03-29 18:44:18.082 [info] fatal: not a git repository (or any of the parent directories): .git
2024-03-29 18:44:18.083 [info] > git rev-parse --show-toplevel [3ms]
2024-03-29 18:44:18.085 [info] fatal: not a git repository (or any of the parent directories): .git
2024-03-29 18:44:18.086 [info] > git rev-parse --show-toplevel [2ms]
2024-03-29 18:44:18.087 [info] fatal: not a git repository (or any of the parent directories): .git
2024-03-29 18:44:18.088 [info] > git rev-parse --show-toplevel [2ms]
2024-03-29 18:44:18.088 [info] fatal: not a git repository (or any of the parent directories): .git
2024-03-29 18:44:18.089 [info] > git rev-parse --show-toplevel [3ms]
2024-03-29 18:44:18.090 [info] fatal: not a git repository (or any of the parent directories): .git
2024-03-29 18:44:18.090 [info] > git rev-parse --show-toplevel [2ms]
2024-03-29 18:44:18.091 [info] fatal: not a git repository (or any of the parent directories): .git
2024-03-29 18:44:18.092 [info] > git rev-parse --show-toplevel [10ms]
2024-03-29 18:44:18.093 [info] fatal: not a git repository (or any of the parent directories): .git
2024-03-29 18:44:18.093 [info] > git rev-parse --show-toplevel [40ms]
2024-03-29 18:44:18.094 [info] fatal: not a git repository (or any of the parent directories): .git
2024-03-29 18:44:18.095 [info] > git rev-parse --show-toplevel [6ms]
2024-03-29 18:44:18.095 [info] fatal: not a git repository (or any of the parent directories): .git
2024-03-29 18:51:27.647 [info] > git rev-parse --show-toplevel [3ms]
2024-03-29 18:51:27.649 [info] fatal: not a git repository (or any of the parent directories): .git
2024-03-29 18:51:28.120 [info] > git rev-parse --show-toplevel [4ms]
2024-03-29 18:51:28.121 [info] fatal: not a git repository (or any of the parent directories): .git
2024-03-29 18:51:28.136 [info] > git rev-parse --show-toplevel [2ms]
2024-03-29 18:51:28.136 [info] fatal: not a git repository (or any of the parent directories): .git
2024-03-29 18:51:28.568 [info] > git rev-parse --show-toplevel [18ms]
2024-03-29 18:51:28.568 [info] fatal: not a git repository (or any of the parent directories): .git
2024-03-29 18:51:28.575 [info] > git rev-parse --show-toplevel [1ms]
2024-03-29 18:51:28.575 [info] fatal: not a git repository (or any of the parent directories): .git
2024-03-29 18:51:28.580 [info] > git rev-parse --show-toplevel [2ms]
2024-03-29 18:51:28.580 [info] fatal: not a git repository (or any of the parent directories): .git
2024-03-29 18:51:28.871 [info] > git rev-parse --show-toplevel [11ms]
2024-03-29 18:51:28.872 [info] fatal: not a git repository (or any of the parent directories): .git
2024-03-29 18:51:28.877 [info] > git rev-parse --show-toplevel [2ms]
2024-03-29 18:51:28.877 [info] fatal: not a git repository (or any of the parent directories): .git
2024-03-29 18:51:29.241 [info] > git rev-parse --show-toplevel [43ms]
2024-03-29 18:51:29.246 [info] fatal: not a git repository (or any of the parent directories): .git
2024-03-29 18:52:08.835 [info] > git rev-parse --show-toplevel [2ms]
2024-03-29 18:52:08.835 [info] fatal: not a git repository (or any of the parent directories): .git
2024-03-29 18:54:00.811 [info] > git rev-parse --show-toplevel [3ms]
2024-03-29 18:54:00.812 [info] fatal: not a git repository (or any of the parent directories): .git
2024-03-29 18:54:09.359 [info] > git rev-parse --show-toplevel [4ms]
2024-03-29 18:54:09.360 [info] fatal: not a git repository (or any of the parent directories): .git
2024-03-29 19:00:42.604 [info] > git rev-parse --show-toplevel [4ms]
2024-03-29 19:00:42.605 [info] fatal: not a git repository (or any of the parent directories): .git
2024-03-29 19:00:49.615 [info] > git rev-parse --show-toplevel [2ms]
2024-03-29 19:00:49.616 [info] fatal: not a git repository (or any of the parent directories): .git
2024-03-29 19:03:18.818 [info] > git rev-parse --show-toplevel [2ms]
2024-03-29 19:03:18.819 [info] fatal: not a git repository (or any of the parent directories): .git
2024-03-29 19:07:22.089 [info] > git rev-parse --show-toplevel [2ms]
2024-03-29 19:07:22.089 [info] fatal: not a git repository (or any of the parent directories): .git
2024-03-29 19:07:23.693 [info] > git rev-parse --show-toplevel [3ms]
2024-03-29 19:07:23.693 [info] fatal: not a git repository (or any of the parent directories): .git
2024-03-29 19:07:32.769 [info] > git rev-parse --show-toplevel [2ms]
2024-03-29 19:07:32.769 [info] fatal: not a git repository (or any of the parent directories): .git
2024-03-29 19:19:15.683 [info] > git rev-parse --show-toplevel [2ms]
2024-03-29 19:19:15.683 [info] fatal: not a git repository (or any of the parent directories): .git
2024-03-29 19:19:26.522 [info] > git rev-parse --show-toplevel [3ms]
2024-03-29 19:19:26.522 [info] fatal: not a git repository (or any of the parent directories): .git
2024-03-29 19:19:28.226 [info] > git rev-parse --show-toplevel [3ms]
2024-03-29 19:19:28.226 [info] fatal: not a git repository (or any of the parent directories): .git
2024-03-29 19:19:31.097 [info] > git rev-parse --show-toplevel [3ms]
2024-03-29 19:19:31.098 [info] fatal: not a git repository (or any of the parent directories): .git
2024-03-29 19:19:34.899 [info] > git rev-parse --show-toplevel [2ms]
2024-03-29 19:19:34.899 [info] fatal: not a git repository (or any of the parent directories): .git
2024-03-29 19:49:54.621 [info] > git rev-parse --show-toplevel [5ms]
2024-03-29 19:49:54.622 [info] fatal: not a git repository (or any of the parent directories): .git
2024-03-29 19:49:54.627 [info] > git rev-parse --show-toplevel [2ms]
2024-03-29 19:49:54.627 [info] fatal: not a git repository (or any of the parent directories): .git
2024-03-29 19:49:55.045 [info] > git rev-parse --show-toplevel [3ms]
2024-03-29 19:49:55.046 [info] fatal: not a git repository (or any of the parent directories): .git
2024-03-29 19:49:55.522 [info] > git rev-parse --show-toplevel [4ms]
2024-03-29 19:49:55.523 [info] fatal: not a git repository (or any of the parent directories): .git
2024-03-29 19:49:55.882 [info] > git rev-parse --show-toplevel [5ms]
2024-03-29 19:49:55.883 [info] fatal: not a git repository (or any of the parent directories): .git
2024-03-29 19:49:55.888 [info] > git rev-parse --show-toplevel [2ms]
2024-03-29 19:49:55.888 [info] fatal: not a git repository (or any of the parent directories): .git
2024-03-29 19:49:56.200 [info] > git rev-parse --show-toplevel [2ms]
2024-03-29 19:49:56.200 [info] fatal: not a git repository (or any of the parent directories): .git
2024-03-29 19:49:56.745 [info] > git rev-parse --show-toplevel [70ms]
2024-03-29 19:49:56.762 [info] fatal: not a git repository (or any of the parent directories): .git
2024-03-29 19:49:56.791 [info] > git rev-parse --show-toplevel [20ms]
2024-03-29 19:49:56.792 [info] fatal: not a git repository (or any of the parent directories): .git
2024-03-29 19:58:45.231 [info] > git rev-parse --show-toplevel [3ms]
2024-03-29 19:58:45.231 [info] fatal: not a git repository (or any of the parent directories): .git
2024-03-29 19:58:52.685 [info] > git rev-parse --show-toplevel [3ms]
2024-03-29 19:58:52.685 [info] fatal: not a git repository (or any of the parent directories): .git
2024-03-29 19:59:28.212 [info] > git rev-parse --show-toplevel [3ms]
2024-03-29 19:59:28.212 [info] fatal: not a git repository (or any of the parent directories): .git
2024-03-29 19:59:48.143 [info] > git rev-parse --show-toplevel [3ms]
2024-03-29 19:59:48.143 [info] fatal: not a git repository (or any of the parent directories): .git
2024-03-29 19:59:57.986 [info] > git rev-parse --show-toplevel [3ms]
2024-03-29 19:59:57.986 [info] fatal: not a git repository (or any of the parent directories): .git
2024-03-29 20:00:01.828 [info] > git rev-parse --show-toplevel [3ms]
2024-03-29 20:00:01.828 [info] fatal: not a git repository (or any of the parent directories): .git
2024-03-29 20:19:19.938 [info] > git rev-parse --show-toplevel [4ms]
2024-03-29 20:19:19.939 [info] fatal: not a git repository (or any of the parent directories): .git
2024-03-29 20:19:27.526 [info] > git rev-parse --show-toplevel [2ms]
2024-03-29 20:19:27.527 [info] fatal: not a git repository (or any of the parent directories): .git
2024-03-29 20:19:28.829 [info] > git rev-parse --show-toplevel [2ms]
2024-03-29 20:19:28.830 [info] fatal: not a git repository (or any of the parent directories): .git
2024-03-29 20:19:31.450 [info] > git rev-parse --show-toplevel [3ms]
2024-03-29 20:19:31.450 [info] fatal: not a git repository (or any of the parent directories): .git
2024-03-29 20:20:40.644 [info] > git rev-parse --show-toplevel [2ms]
2024-03-29 20:20:40.644 [info] fatal: not a git repository (or any of the parent directories): .git
2024-03-29 20:20:44.632 [info] > git rev-parse --show-toplevel [3ms]
2024-03-29 20:20:44.632 [info] fatal: not a git repository (or any of the parent directories): .git
2024-03-29 20:20:46.485 [info] > git rev-parse --show-toplevel [2ms]
2024-03-29 20:20:46.486 [info] fatal: not a git repository (or any of the parent directories): .git
2024-03-29 20:21:50.239 [info] > git rev-parse --show-toplevel [6ms]
2024-03-29 20:21:50.239 [info] fatal: not a git repository (or any of the parent directories): .git
2024-03-29 20:22:12.879 [info] > git rev-parse --show-toplevel [2ms]
2024-03-29 20:22:12.879 [info] fatal: not a git repository (or any of the parent directories): .git
2024-03-29 20:26:31.876 [info] > git rev-parse --show-toplevel [2ms]
2024-03-29 20:26:31.877 [info] fatal: not a git repository (or any of the parent directories): .git
2024-03-29 20:30:01.152 [info] > git rev-parse --show-toplevel [8ms]
2024-03-29 20:30:01.153 [info] fatal: not a git repository (or any of the parent directories): .git
2024-03-29 20:30:01.159 [info] > git rev-parse --show-toplevel [2ms]
2024-03-29 20:30:01.159 [info] fatal: not a git repository (or any of the parent directories): .git
2024-03-29 20:30:01.523 [info] > git rev-parse --show-toplevel [30ms]
2024-03-29 20:30:01.534 [info] fatal: not a git repository (or any of the parent directories): .git
2024-03-29 20:30:01.552 [info] > git rev-parse --show-toplevel [9ms]
2024-03-29 20:30:01.553 [info] fatal: not a git repository (or any of the parent directories): .git
2024-03-29 20:30:01.796 [info] > git rev-parse --show-toplevel [4ms]
2024-03-29 20:30:01.797 [info] fatal: not a git repository (or any of the parent directories): .git
2024-03-29 20:31:00.032 [info] > git rev-parse --show-toplevel [3ms]
2024-03-29 20:31:00.032 [info] fatal: not a git repository (or any of the parent directories): .git
2024-03-29 20:31:01.971 [info] > git rev-parse --show-toplevel [2ms]
2024-03-29 20:31:01.971 [info] fatal: not a git repository (or any of the parent directories): .git
2024-03-29 20:31:20.633 [info] > git rev-parse --show-toplevel [2ms]
2024-03-29 20:31:20.633 [info] fatal: not a git repository (or any of the parent directories): .git
2024-03-29 20:31:23.203 [info] > git rev-parse --show-toplevel [3ms]
2024-03-29 20:31:23.203 [info] fatal: not a git repository (or any of the parent directories): .git
2024-03-29 20:33:10.535 [info] > git rev-parse --show-toplevel [2ms]
2024-03-29 20:33:10.535 [info] fatal: not a git repository (or any of the parent directories): .git
2024-03-29 20:33:12.071 [info] > git rev-parse --show-toplevel [2ms]
2024-03-29 20:33:12.071 [info] fatal: not a git repository (or any of the parent directories): .git
2024-03-29 20:37:26.970 [info] > git rev-parse --show-toplevel [4ms]
2024-03-29 20:37:26.971 [info] fatal: not a git repository (or any of the parent directories): .git
