2024-03-29 18:32:04.177 [info] Log level: Info
2024-03-29 18:32:04.178 [info] Validating found git in: "git"
2024-03-29 18:32:04.178 [info] Using git "2.34.1" from "git"
2024-03-29 18:32:04.179 [info] > git rev-parse --show-toplevel [55ms]
2024-03-29 18:32:04.179 [info] fatal: not a git repository (or any of the parent directories): .git
2024-03-29 18:32:04.180 [info] > git rev-parse --show-toplevel [7ms]
2024-03-29 18:32:04.181 [info] fatal: not a git repository (or any of the parent directories): .git
2024-03-29 18:32:04.181 [info] > git rev-parse --show-toplevel [2ms]
2024-03-29 18:32:04.182 [info] fatal: not a git repository (or any of the parent directories): .git
2024-03-29 18:32:04.182 [info] > git rev-parse --show-toplevel [1ms]
2024-03-29 18:32:04.183 [info] fatal: not a git repository (or any of the parent directories): .git
2024-03-29 18:32:04.183 [info] > git rev-parse --show-toplevel [2ms]
2024-03-29 18:32:04.184 [info] fatal: not a git repository (or any of the parent directories): .git
2024-03-29 18:32:04.185 [info] > git rev-parse --show-toplevel [1ms]
2024-03-29 18:32:04.185 [info] fatal: not a git repository (or any of the parent directories): .git
2024-03-29 18:32:04.186 [info] > git rev-parse --show-toplevel [6ms]
2024-03-29 18:32:04.186 [info] fatal: not a git repository (or any of the parent directories): .git
2024-03-29 18:32:04.187 [info] > git rev-parse --show-toplevel [3ms]
2024-03-29 18:32:04.188 [info] fatal: not a git repository (or any of the parent directories): .git
2024-03-29 18:32:04.188 [info] > git rev-parse --show-toplevel [13ms]
2024-03-29 18:32:04.189 [info] fatal: not a git repository (or any of the parent directories): .git
2024-03-29 18:32:04.190 [info] > git rev-parse --show-toplevel [5ms]
2024-03-29 18:32:04.190 [info] fatal: not a git repository (or any of the parent directories): .git
2024-03-29 18:32:04.191 [info] > git rev-parse --show-toplevel [1ms]
2024-03-29 18:32:04.191 [info] fatal: not a git repository (or any of the parent directories): .git
2024-03-29 18:34:24.444 [info] > git rev-parse --show-toplevel [5ms]
2024-03-29 18:34:24.445 [info] fatal: not a git repository (or any of the parent directories): .git
2024-03-29 18:35:01.543 [info] > git rev-parse --show-toplevel [11ms]
2024-03-29 18:35:01.544 [info] fatal: not a git repository (or any of the parent directories): .git
2024-03-29 18:36:23.617 [info] > git rev-parse --show-toplevel [4ms]
2024-03-29 18:36:23.618 [info] fatal: not a git repository (or any of the parent directories): .git
